Partition Merge report for Generic_ALU
Thu Sep 15 14:06:33 2016
Quartus II 32-bit Version 12.1 Build 243 01/31/2013 Service Pack 1 SJ Full Version


---------------------
; Table of Contents ;
---------------------
  1. Legal Notice
  2. Partition Merge Summary
  3. Partition Merge Netlist Types Used
  4. Partition Merge Partition Statistics
  5. Partition Merge Partition Pin Processing
  6. Partition Merge Resource Usage Summary
  7. Partition Merge Messages



----------------
; Legal Notice ;
----------------
Copyright (C) 1991-2012 Altera Corporation
Your use of Altera Corporation's design tools, logic functions 
and other software and tools, and its AMPP partner logic 
functions, and any output files from any of the foregoing 
(including device programming or simulation files), and any 
associated documentation or information are expressly subject 
to the terms and conditions of the Altera Program License 
Subscription Agreement, Altera MegaCore Function License 
Agreement, or other applicable license agreement, including, 
without limitation, that your use is for the sole purpose of 
programming logic devices manufactured by Altera and sold by 
Altera or its authorized distributors.  Please refer to the 
applicable agreement for further details.



+-------------------------------------------------------------------------------------+
; Partition Merge Summary                                                             ;
+------------------------------------+------------------------------------------------+
; Partition Merge Status             ; Successful - Thu Sep 15 14:06:33 2016          ;
; Quartus II 32-bit Version          ; 12.1 Build 243 01/31/2013 SP 1 SJ Full Version ;
; Revision Name                      ; Generic_ALU                                    ;
; Top-level Entity Name              ; demo                                           ;
; Family                             ; Cyclone IV E                                   ;
; Total logic elements               ; 263                                            ;
;     Total combinational functions  ; 263                                            ;
;     Dedicated logic registers      ; 35                                             ;
; Total registers                    ; 35                                             ;
; Total pins                         ; 69                                             ;
; Total virtual pins                 ; 0                                              ;
; Total memory bits                  ; 0                                              ;
; Embedded Multiplier 9-bit elements ; 0                                              ;
; Total PLLs                         ; 0                                              ;
+------------------------------------+------------------------------------------------+


+-------------------------------------------------------------------------------------------------------------------------------+
; Partition Merge Netlist Types Used                                                                                            ;
+--------------------------------+----------------+-------------------+------------------------+--------------------------------+
; Partition Name                 ; Partition Type ; Netlist Type Used ; Netlist Type Requested ; Partition Contents             ;
+--------------------------------+----------------+-------------------+------------------------+--------------------------------+
; Top                            ; User-created   ; Source File       ; Post-Fit               ;                                ;
; hard_block:auto_generated_inst ; Auto-generated ; Source File       ; Source File            ; hard_block:auto_generated_inst ;
+--------------------------------+----------------+-------------------+------------------------+--------------------------------+


+-------------------------------------------------------------------------------------+
; Partition Merge Partition Statistics                                                ;
+---------------------------------------------+------+--------------------------------+
; Statistic                                   ; Top  ; hard_block:auto_generated_inst ;
+---------------------------------------------+------+--------------------------------+
; Estimated Total logic elements              ; 263  ; 0                              ;
;                                             ;      ;                                ;
; Total combinational functions               ; 263  ; 0                              ;
; Logic element usage by number of LUT inputs ;      ;                                ;
;     -- 4 input functions                    ; 167  ; 0                              ;
;     -- 3 input functions                    ; 36   ; 0                              ;
;     -- <=2 input functions                  ; 60   ; 0                              ;
;                                             ;      ;                                ;
; Logic elements by mode                      ;      ;                                ;
;     -- normal mode                          ; 232  ; 0                              ;
;     -- arithmetic mode                      ; 31   ; 0                              ;
;                                             ;      ;                                ;
; Total registers                             ; 35   ; 0                              ;
;     -- Dedicated logic registers            ; 35   ; 0                              ;
;                                             ;      ;                                ;
; Virtual pins                                ; 0    ; 0                              ;
; I/O pins                                    ; 69   ; 0                              ;
; Embedded Multiplier 9-bit elements          ; 0    ; 0                              ;
; Total memory bits                           ; 0    ; 0                              ;
; Total RAM block bits                        ; 0    ; 0                              ;
;                                             ;      ;                                ;
; Connections                                 ;      ;                                ;
;     -- Input Connections                    ; 0    ; 0                              ;
;     -- Registered Input Connections         ; 0    ; 0                              ;
;     -- Output Connections                   ; 0    ; 0                              ;
;     -- Registered Output Connections        ; 0    ; 0                              ;
;                                             ;      ;                                ;
; Internal Connections                        ;      ;                                ;
;     -- Total Connections                    ; 1086 ; 0                              ;
;     -- Registered Connections               ; 309  ; 0                              ;
;                                             ;      ;                                ;
; External Connections                        ;      ;                                ;
;     -- Top                                  ; 0    ; 0                              ;
;     -- hard_block:auto_generated_inst       ; 0    ; 0                              ;
;                                             ;      ;                                ;
; Partition Interface                         ;      ;                                ;
;     -- Input Ports                          ; 23   ; 0                              ;
;     -- Output Ports                         ; 46   ; 0                              ;
;     -- Bidir Ports                          ; 0    ; 0                              ;
;                                             ;      ;                                ;
; Registered Ports                            ;      ;                                ;
;     -- Registered Input Ports               ; 0    ; 0                              ;
;     -- Registered Output Ports              ; 0    ; 0                              ;
;                                             ;      ;                                ;
; Port Connectivity                           ;      ;                                ;
;     -- Input Ports driven by GND            ; 0    ; 0                              ;
;     -- Output Ports driven by GND           ; 0    ; 0                              ;
;     -- Input Ports driven by VCC            ; 0    ; 0                              ;
;     -- Output Ports driven by VCC           ; 0    ; 0                              ;
;     -- Input Ports with no Source           ; 0    ; 0                              ;
;     -- Output Ports with no Source          ; 0    ; 0                              ;
;     -- Input Ports with no Fanout           ; 0    ; 0                              ;
;     -- Output Ports with no Fanout          ; 0    ; 0                              ;
+---------------------------------------------+------+--------------------------------+
Note: Resource usage numbers presented for Partitions containing post-synthesis logic are estimates.  For Partitions containing post-fit logic, resource usage numbers are accurate based on previous placement information.  Actual Fitter results may vary depending on current Fitter Preservation Level assignments.


+-----------------------------------------------------------------------------+
; Partition Merge Partition Pin Processing                                    ;
+------------------------+-----------+---------------+----------+-------------+
; Name                   ; Partition ; Type          ; Location ; Status      ;
+------------------------+-----------+---------------+----------+-------------+
; CLOCK_50               ; Top       ; Input Port    ; n/a      ;             ;
;     -- CLOCK_50        ; Top       ; Input Pad     ; Unplaced ; Synthesized ;
;     -- CLOCK_50~input  ; Top       ; Input Buffer  ; Unplaced ; Synthesized ;
;                        ;           ;               ;          ;             ;
; HEX2[0]                ; Top       ; Output Port   ; n/a      ;             ;
;     -- HEX2[0]         ; Top       ; Output Pad    ; Unplaced ; Synthesized ;
;     -- HEX2[0]~output  ; Top       ; Output Buffer ; Unplaced ; Synthesized ;
;                        ;           ;               ;          ;             ;
; HEX2[1]                ; Top       ; Output Port   ; n/a      ;             ;
;     -- HEX2[1]         ; Top       ; Output Pad    ; Unplaced ; Synthesized ;
;     -- HEX2[1]~output  ; Top       ; Output Buffer ; Unplaced ; Synthesized ;
;                        ;           ;               ;          ;             ;
; HEX2[2]                ; Top       ; Output Port   ; n/a      ;             ;
;     -- HEX2[2]         ; Top       ; Output Pad    ; Unplaced ; Synthesized ;
;     -- HEX2[2]~output  ; Top       ; Output Buffer ; Unplaced ; Synthesized ;
;                        ;           ;               ;          ;             ;
; HEX2[3]                ; Top       ; Output Port   ; n/a      ;             ;
;     -- HEX2[3]         ; Top       ; Output Pad    ; Unplaced ; Synthesized ;
;     -- HEX2[3]~output  ; Top       ; Output Buffer ; Unplaced ; Synthesized ;
;                        ;           ;               ;          ;             ;
; HEX2[4]                ; Top       ; Output Port   ; n/a      ;             ;
;     -- HEX2[4]         ; Top       ; Output Pad    ; Unplaced ; Synthesized ;
;     -- HEX2[4]~output  ; Top       ; Output Buffer ; Unplaced ; Synthesized ;
;                        ;           ;               ;          ;             ;
; HEX2[5]                ; Top       ; Output Port   ; n/a      ;             ;
;     -- HEX2[5]         ; Top       ; Output Pad    ; Unplaced ; Synthesized ;
;     -- HEX2[5]~output  ; Top       ; Output Buffer ; Unplaced ; Synthesized ;
;                        ;           ;               ;          ;             ;
; HEX2[6]                ; Top       ; Output Port   ; n/a      ;             ;
;     -- HEX2[6]         ; Top       ; Output Pad    ; Unplaced ; Synthesized ;
;     -- HEX2[6]~output  ; Top       ; Output Buffer ; Unplaced ; Synthesized ;
;                        ;           ;               ;          ;             ;
; HEX3[0]                ; Top       ; Output Port   ; n/a      ;             ;
;     -- HEX3[0]         ; Top       ; Output Pad    ; Unplaced ; Synthesized ;
;     -- HEX3[0]~output  ; Top       ; Output Buffer ; Unplaced ; Synthesized ;
;                        ;           ;               ;          ;             ;
; HEX3[1]                ; Top       ; Output Port   ; n/a      ;             ;
;     -- HEX3[1]         ; Top       ; Output Pad    ; Unplaced ; Synthesized ;
;     -- HEX3[1]~output  ; Top       ; Output Buffer ; Unplaced ; Synthesized ;
;                        ;           ;               ;          ;             ;
; HEX3[2]                ; Top       ; Output Port   ; n/a      ;             ;
;     -- HEX3[2]         ; Top       ; Output Pad    ; Unplaced ; Synthesized ;
;     -- HEX3[2]~output  ; Top       ; Output Buffer ; Unplaced ; Synthesized ;
;                        ;           ;               ;          ;             ;
; HEX3[3]                ; Top       ; Output Port   ; n/a      ;             ;
;     -- HEX3[3]         ; Top       ; Output Pad    ; Unplaced ; Synthesized ;
;     -- HEX3[3]~output  ; Top       ; Output Buffer ; Unplaced ; Synthesized ;
;                        ;           ;               ;          ;             ;
; HEX3[4]                ; Top       ; Output Port   ; n/a      ;             ;
;     -- HEX3[4]         ; Top       ; Output Pad    ; Unplaced ; Synthesized ;
;     -- HEX3[4]~output  ; Top       ; Output Buffer ; Unplaced ; Synthesized ;
;                        ;           ;               ;          ;             ;
; HEX3[5]                ; Top       ; Output Port   ; n/a      ;             ;
;     -- HEX3[5]         ; Top       ; Output Pad    ; Unplaced ; Synthesized ;
;     -- HEX3[5]~output  ; Top       ; Output Buffer ; Unplaced ; Synthesized ;
;                        ;           ;               ;          ;             ;
; HEX3[6]                ; Top       ; Output Port   ; n/a      ;             ;
;     -- HEX3[6]         ; Top       ; Output Pad    ; Unplaced ; Synthesized ;
;     -- HEX3[6]~output  ; Top       ; Output Buffer ; Unplaced ; Synthesized ;
;                        ;           ;               ;          ;             ;
; HEX4[0]                ; Top       ; Output Port   ; n/a      ;             ;
;     -- HEX4[0]         ; Top       ; Output Pad    ; Unplaced ; Synthesized ;
;     -- HEX4[0]~output  ; Top       ; Output Buffer ; Unplaced ; Synthesized ;
;                        ;           ;               ;          ;             ;
; HEX4[1]                ; Top       ; Output Port   ; n/a      ;             ;
;     -- HEX4[1]         ; Top       ; Output Pad    ; Unplaced ; Synthesized ;
;     -- HEX4[1]~output  ; Top       ; Output Buffer ; Unplaced ; Synthesized ;
;                        ;           ;               ;          ;             ;
; HEX4[2]                ; Top       ; Output Port   ; n/a      ;             ;
;     -- HEX4[2]         ; Top       ; Output Pad    ; Unplaced ; Synthesized ;
;     -- HEX4[2]~output  ; Top       ; Output Buffer ; Unplaced ; Synthesized ;
;                        ;           ;               ;          ;             ;
; HEX4[3]                ; Top       ; Output Port   ; n/a      ;             ;
;     -- HEX4[3]         ; Top       ; Output Pad    ; Unplaced ; Synthesized ;
;     -- HEX4[3]~output  ; Top       ; Output Buffer ; Unplaced ; Synthesized ;
;                        ;           ;               ;          ;             ;
; HEX4[4]                ; Top       ; Output Port   ; n/a      ;             ;
;     -- HEX4[4]         ; Top       ; Output Pad    ; Unplaced ; Synthesized ;
;     -- HEX4[4]~output  ; Top       ; Output Buffer ; Unplaced ; Synthesized ;
;                        ;           ;               ;          ;             ;
; HEX4[5]                ; Top       ; Output Port   ; n/a      ;             ;
;     -- HEX4[5]         ; Top       ; Output Pad    ; Unplaced ; Synthesized ;
;     -- HEX4[5]~output  ; Top       ; Output Buffer ; Unplaced ; Synthesized ;
;                        ;           ;               ;          ;             ;
; HEX4[6]                ; Top       ; Output Port   ; n/a      ;             ;
;     -- HEX4[6]         ; Top       ; Output Pad    ; Unplaced ; Synthesized ;
;     -- HEX4[6]~output  ; Top       ; Output Buffer ; Unplaced ; Synthesized ;
;                        ;           ;               ;          ;             ;
; HEX6[0]                ; Top       ; Output Port   ; n/a      ;             ;
;     -- HEX6[0]         ; Top       ; Output Pad    ; Unplaced ; Synthesized ;
;     -- HEX6[0]~output  ; Top       ; Output Buffer ; Unplaced ; Synthesized ;
;                        ;           ;               ;          ;             ;
; HEX6[1]                ; Top       ; Output Port   ; n/a      ;             ;
;     -- HEX6[1]         ; Top       ; Output Pad    ; Unplaced ; Synthesized ;
;     -- HEX6[1]~output  ; Top       ; Output Buffer ; Unplaced ; Synthesized ;
;                        ;           ;               ;          ;             ;
; HEX6[2]                ; Top       ; Output Port   ; n/a      ;             ;
;     -- HEX6[2]         ; Top       ; Output Pad    ; Unplaced ; Synthesized ;
;     -- HEX6[2]~output  ; Top       ; Output Buffer ; Unplaced ; Synthesized ;
;                        ;           ;               ;          ;             ;
; HEX6[3]                ; Top       ; Output Port   ; n/a      ;             ;
;     -- HEX6[3]         ; Top       ; Output Pad    ; Unplaced ; Synthesized ;
;     -- HEX6[3]~output  ; Top       ; Output Buffer ; Unplaced ; Synthesized ;
;                        ;           ;               ;          ;             ;
; HEX6[4]                ; Top       ; Output Port   ; n/a      ;             ;
;     -- HEX6[4]         ; Top       ; Output Pad    ; Unplaced ; Synthesized ;
;     -- HEX6[4]~output  ; Top       ; Output Buffer ; Unplaced ; Synthesized ;
;                        ;           ;               ;          ;             ;
; HEX6[5]                ; Top       ; Output Port   ; n/a      ;             ;
;     -- HEX6[5]         ; Top       ; Output Pad    ; Unplaced ; Synthesized ;
;     -- HEX6[5]~output  ; Top       ; Output Buffer ; Unplaced ; Synthesized ;
;                        ;           ;               ;          ;             ;
; HEX6[6]                ; Top       ; Output Port   ; n/a      ;             ;
;     -- HEX6[6]         ; Top       ; Output Pad    ; Unplaced ; Synthesized ;
;     -- HEX6[6]~output  ; Top       ; Output Buffer ; Unplaced ; Synthesized ;
;                        ;           ;               ;          ;             ;
; KEY[0]                 ; Top       ; Input Port    ; n/a      ;             ;
;     -- KEY[0]          ; Top       ; Input Pad     ; Unplaced ; Synthesized ;
;     -- KEY[0]~input    ; Top       ; Input Buffer  ; Unplaced ; Synthesized ;
;                        ;           ;               ;          ;             ;
; KEY[1]                 ; Top       ; Input Port    ; n/a      ;             ;
;     -- KEY[1]          ; Top       ; Input Pad     ; Unplaced ; Synthesized ;
;     -- KEY[1]~input    ; Top       ; Input Buffer  ; Unplaced ; Synthesized ;
;                        ;           ;               ;          ;             ;
; KEY[2]                 ; Top       ; Input Port    ; n/a      ;             ;
;     -- KEY[2]          ; Top       ; Input Pad     ; Unplaced ; Synthesized ;
;     -- KEY[2]~input    ; Top       ; Input Buffer  ; Unplaced ; Synthesized ;
;                        ;           ;               ;          ;             ;
; KEY[3]                 ; Top       ; Input Port    ; n/a      ;             ;
;     -- KEY[3]          ; Top       ; Input Pad     ; Unplaced ; Synthesized ;
;     -- KEY[3]~input    ; Top       ; Input Buffer  ; Unplaced ; Synthesized ;
;                        ;           ;               ;          ;             ;
; LEDR[0]                ; Top       ; Output Port   ; n/a      ;             ;
;     -- LEDR[0]         ; Top       ; Output Pad    ; Unplaced ; Synthesized ;
;     -- LEDR[0]~output  ; Top       ; Output Buffer ; Unplaced ; Synthesized ;
;                        ;           ;               ;          ;             ;
; LEDR[10]               ; Top       ; Output Port   ; n/a      ;             ;
;     -- LEDR[10]        ; Top       ; Output Pad    ; Unplaced ; Synthesized ;
;     -- LEDR[10]~output ; Top       ; Output Buffer ; Unplaced ; Synthesized ;
;                        ;           ;               ;          ;             ;
; LEDR[11]               ; Top       ; Output Port   ; n/a      ;             ;
;     -- LEDR[11]        ; Top       ; Output Pad    ; Unplaced ; Synthesized ;
;     -- LEDR[11]~output ; Top       ; Output Buffer ; Unplaced ; Synthesized ;
;                        ;           ;               ;          ;             ;
; LEDR[12]               ; Top       ; Output Port   ; n/a      ;             ;
;     -- LEDR[12]        ; Top       ; Output Pad    ; Unplaced ; Synthesized ;
;     -- LEDR[12]~output ; Top       ; Output Buffer ; Unplaced ; Synthesized ;
;                        ;           ;               ;          ;             ;
; LEDR[13]               ; Top       ; Output Port   ; n/a      ;             ;
;     -- LEDR[13]        ; Top       ; Output Pad    ; Unplaced ; Synthesized ;
;     -- LEDR[13]~output ; Top       ; Output Buffer ; Unplaced ; Synthesized ;
;                        ;           ;               ;          ;             ;
; LEDR[14]               ; Top       ; Output Port   ; n/a      ;             ;
;     -- LEDR[14]        ; Top       ; Output Pad    ; Unplaced ; Synthesized ;
;     -- LEDR[14]~output ; Top       ; Output Buffer ; Unplaced ; Synthesized ;
;                        ;           ;               ;          ;             ;
; LEDR[15]               ; Top       ; Output Port   ; n/a      ;             ;
;     -- LEDR[15]        ; Top       ; Output Pad    ; Unplaced ; Synthesized ;
;     -- LEDR[15]~output ; Top       ; Output Buffer ; Unplaced ; Synthesized ;
;                        ;           ;               ;          ;             ;
; LEDR[16]               ; Top       ; Output Port   ; n/a      ;             ;
;     -- LEDR[16]        ; Top       ; Output Pad    ; Unplaced ; Synthesized ;
;     -- LEDR[16]~output ; Top       ; Output Buffer ; Unplaced ; Synthesized ;
;                        ;           ;               ;          ;             ;
; LEDR[17]               ; Top       ; Output Port   ; n/a      ;             ;
;     -- LEDR[17]        ; Top       ; Output Pad    ; Unplaced ; Synthesized ;
;     -- LEDR[17]~output ; Top       ; Output Buffer ; Unplaced ; Synthesized ;
;                        ;           ;               ;          ;             ;
; LEDR[1]                ; Top       ; Output Port   ; n/a      ;             ;
;     -- LEDR[1]         ; Top       ; Output Pad    ; Unplaced ; Synthesized ;
;     -- LEDR[1]~output  ; Top       ; Output Buffer ; Unplaced ; Synthesized ;
;                        ;           ;               ;          ;             ;
; LEDR[2]                ; Top       ; Output Port   ; n/a      ;             ;
;     -- LEDR[2]         ; Top       ; Output Pad    ; Unplaced ; Synthesized ;
;     -- LEDR[2]~output  ; Top       ; Output Buffer ; Unplaced ; Synthesized ;
;                        ;           ;               ;          ;             ;
; LEDR[3]                ; Top       ; Output Port   ; n/a      ;             ;
;     -- LEDR[3]         ; Top       ; Output Pad    ; Unplaced ; Synthesized ;
;     -- LEDR[3]~output  ; Top       ; Output Buffer ; Unplaced ; Synthesized ;
;                        ;           ;               ;          ;             ;
; LEDR[4]                ; Top       ; Output Port   ; n/a      ;             ;
;     -- LEDR[4]         ; Top       ; Output Pad    ; Unplaced ; Synthesized ;
;     -- LEDR[4]~output  ; Top       ; Output Buffer ; Unplaced ; Synthesized ;
;                        ;           ;               ;          ;             ;
; LEDR[5]                ; Top       ; Output Port   ; n/a      ;             ;
;     -- LEDR[5]         ; Top       ; Output Pad    ; Unplaced ; Synthesized ;
;     -- LEDR[5]~output  ; Top       ; Output Buffer ; Unplaced ; Synthesized ;
;                        ;           ;               ;          ;             ;
; LEDR[6]                ; Top       ; Output Port   ; n/a      ;             ;
;     -- LEDR[6]         ; Top       ; Output Pad    ; Unplaced ; Synthesized ;
;     -- LEDR[6]~output  ; Top       ; Output Buffer ; Unplaced ; Synthesized ;
;                        ;           ;               ;          ;             ;
; LEDR[7]                ; Top       ; Output Port   ; n/a      ;             ;
;     -- LEDR[7]         ; Top       ; Output Pad    ; Unplaced ; Synthesized ;
;     -- LEDR[7]~output  ; Top       ; Output Buffer ; Unplaced ; Synthesized ;
;                        ;           ;               ;          ;             ;
; LEDR[8]                ; Top       ; Output Port   ; n/a      ;             ;
;     -- LEDR[8]         ; Top       ; Output Pad    ; Unplaced ; Synthesized ;
;     -- LEDR[8]~output  ; Top       ; Output Buffer ; Unplaced ; Synthesized ;
;                        ;           ;               ;          ;             ;
; LEDR[9]                ; Top       ; Output Port   ; n/a      ;             ;
;     -- LEDR[9]         ; Top       ; Output Pad    ; Unplaced ; Synthesized ;
;     -- LEDR[9]~output  ; Top       ; Output Buffer ; Unplaced ; Synthesized ;
;                        ;           ;               ;          ;             ;
; SW[0]                  ; Top       ; Input Port    ; n/a      ;             ;
;     -- SW[0]           ; Top       ; Input Pad     ; Unplaced ; Synthesized ;
;     -- SW[0]~input     ; Top       ; Input Buffer  ; Unplaced ; Synthesized ;
;                        ;           ;               ;          ;             ;
; SW[10]                 ; Top       ; Input Port    ; n/a      ;             ;
;     -- SW[10]          ; Top       ; Input Pad     ; Unplaced ; Synthesized ;
;     -- SW[10]~input    ; Top       ; Input Buffer  ; Unplaced ; Synthesized ;
;                        ;           ;               ;          ;             ;
; SW[11]                 ; Top       ; Input Port    ; n/a      ;             ;
;     -- SW[11]          ; Top       ; Input Pad     ; Unplaced ; Synthesized ;
;     -- SW[11]~input    ; Top       ; Input Buffer  ; Unplaced ; Synthesized ;
;                        ;           ;               ;          ;             ;
; SW[12]                 ; Top       ; Input Port    ; n/a      ;             ;
;     -- SW[12]          ; Top       ; Input Pad     ; Unplaced ; Synthesized ;
;     -- SW[12]~input    ; Top       ; Input Buffer  ; Unplaced ; Synthesized ;
;                        ;           ;               ;          ;             ;
; SW[13]                 ; Top       ; Input Port    ; n/a      ;             ;
;     -- SW[13]          ; Top       ; Input Pad     ; Unplaced ; Synthesized ;
;     -- SW[13]~input    ; Top       ; Input Buffer  ; Unplaced ; Synthesized ;
;                        ;           ;               ;          ;             ;
; SW[14]                 ; Top       ; Input Port    ; n/a      ;             ;
;     -- SW[14]          ; Top       ; Input Pad     ; Unplaced ; Synthesized ;
;     -- SW[14]~input    ; Top       ; Input Buffer  ; Unplaced ; Synthesized ;
;                        ;           ;               ;          ;             ;
; SW[15]                 ; Top       ; Input Port    ; n/a      ;             ;
;     -- SW[15]          ; Top       ; Input Pad     ; Unplaced ; Synthesized ;
;     -- SW[15]~input    ; Top       ; Input Buffer  ; Unplaced ; Synthesized ;
;                        ;           ;               ;          ;             ;
; SW[16]                 ; Top       ; Input Port    ; n/a      ;             ;
;     -- SW[16]          ; Top       ; Input Pad     ; Unplaced ; Synthesized ;
;     -- SW[16]~input    ; Top       ; Input Buffer  ; Unplaced ; Synthesized ;
;                        ;           ;               ;          ;             ;
; SW[17]                 ; Top       ; Input Port    ; n/a      ;             ;
;     -- SW[17]          ; Top       ; Input Pad     ; Unplaced ; Synthesized ;
;     -- SW[17]~input    ; Top       ; Input Buffer  ; Unplaced ; Synthesized ;
;                        ;           ;               ;          ;             ;
; SW[1]                  ; Top       ; Input Port    ; n/a      ;             ;
;     -- SW[1]           ; Top       ; Input Pad     ; Unplaced ; Synthesized ;
;     -- SW[1]~input     ; Top       ; Input Buffer  ; Unplaced ; Synthesized ;
;                        ;           ;               ;          ;             ;
; SW[2]                  ; Top       ; Input Port    ; n/a      ;             ;
;     -- SW[2]           ; Top       ; Input Pad     ; Unplaced ; Synthesized ;
;     -- SW[2]~input     ; Top       ; Input Buffer  ; Unplaced ; Synthesized ;
;                        ;           ;               ;          ;             ;
; SW[3]                  ; Top       ; Input Port    ; n/a      ;             ;
;     -- SW[3]           ; Top       ; Input Pad     ; Unplaced ; Synthesized ;
;     -- SW[3]~input     ; Top       ; Input Buffer  ; Unplaced ; Synthesized ;
;                        ;           ;               ;          ;             ;
; SW[4]                  ; Top       ; Input Port    ; n/a      ;             ;
;     -- SW[4]           ; Top       ; Input Pad     ; Unplaced ; Synthesized ;
;     -- SW[4]~input     ; Top       ; Input Buffer  ; Unplaced ; Synthesized ;
;                        ;           ;               ;          ;             ;
; SW[5]                  ; Top       ; Input Port    ; n/a      ;             ;
;     -- SW[5]           ; Top       ; Input Pad     ; Unplaced ; Synthesized ;
;     -- SW[5]~input     ; Top       ; Input Buffer  ; Unplaced ; Synthesized ;
;                        ;           ;               ;          ;             ;
; SW[6]                  ; Top       ; Input Port    ; n/a      ;             ;
;     -- SW[6]           ; Top       ; Input Pad     ; Unplaced ; Synthesized ;
;     -- SW[6]~input     ; Top       ; Input Buffer  ; Unplaced ; Synthesized ;
;                        ;           ;               ;          ;             ;
; SW[7]                  ; Top       ; Input Port    ; n/a      ;             ;
;     -- SW[7]           ; Top       ; Input Pad     ; Unplaced ; Synthesized ;
;     -- SW[7]~input     ; Top       ; Input Buffer  ; Unplaced ; Synthesized ;
;                        ;           ;               ;          ;             ;
; SW[8]                  ; Top       ; Input Port    ; n/a      ;             ;
;     -- SW[8]           ; Top       ; Input Pad     ; Unplaced ; Synthesized ;
;     -- SW[8]~input     ; Top       ; Input Buffer  ; Unplaced ; Synthesized ;
;                        ;           ;               ;          ;             ;
; SW[9]                  ; Top       ; Input Port    ; n/a      ;             ;
;     -- SW[9]           ; Top       ; Input Pad     ; Unplaced ; Synthesized ;
;     -- SW[9]~input     ; Top       ; Input Buffer  ; Unplaced ; Synthesized ;
;                        ;           ;               ;          ;             ;
+------------------------+-----------+---------------+----------+-------------+


+-----------------------------------------------------+
; Partition Merge Resource Usage Summary              ;
+---------------------------------------------+-------+
; Resource                                    ; Usage ;
+---------------------------------------------+-------+
; Estimated Total logic elements              ; 263   ;
;                                             ;       ;
; Total combinational functions               ; 263   ;
; Logic element usage by number of LUT inputs ;       ;
;     -- 4 input functions                    ; 167   ;
;     -- 3 input functions                    ; 36    ;
;     -- <=2 input functions                  ; 60    ;
;                                             ;       ;
; Logic elements by mode                      ;       ;
;     -- normal mode                          ; 232   ;
;     -- arithmetic mode                      ; 31    ;
;                                             ;       ;
; Total registers                             ; 35    ;
;     -- Dedicated logic registers            ; 35    ;
;     -- I/O registers                        ; 0     ;
;                                             ;       ;
; I/O pins                                    ; 69    ;
; Embedded Multiplier 9-bit elements          ; 0     ;
; Maximum fan-out                             ; 40    ;
; Total fan-out                               ; 1086  ;
; Average fan-out                             ; 2.49  ;
+---------------------------------------------+-------+


+--------------------------+
; Partition Merge Messages ;
+--------------------------+
Info: *******************************************************************
Info: Running Quartus II 32-bit Partition Merge
    Info: Version 12.1 Build 243 01/31/2013 Service Pack 1 SJ Full Version
    Info: Processing started: Thu Sep 15 14:06:30 2016
Info: Command: quartus_cdb --read_settings_files=off --write_settings_files=off Generic_ALU -c Generic_ALU --merge=on
Warning (35010): Previously generated Fitter netlist for partition "Top" is older than current Synthesis netlist -- using the current Synthesis netlist instead to ensure that the latest source changes are included
    Info (35011): Set the option to Ignore source file changes to force the Quartus II software to always use a previously generated Fitter netlist
Info (35007): Using synthesis netlist for partition "Top"
Info (35002): Resolved and merged 1 partition(s)
Info (16010): Generating hard_block partition "hard_block:auto_generated_inst"
    Info (16011): Adding 0 node(s), including 0 DDIO, 0 PLL, 0 transceiver and 0 LCELL
Warning (21074): Design contains 13 input pin(s) that do not drive logic
    Warning (15610): No output dependent on input pin "SW[5]"
    Warning (15610): No output dependent on input pin "SW[6]"
    Warning (15610): No output dependent on input pin "SW[7]"
    Warning (15610): No output dependent on input pin "SW[8]"
    Warning (15610): No output dependent on input pin "SW[9]"
    Warning (15610): No output dependent on input pin "SW[10]"
    Warning (15610): No output dependent on input pin "SW[11]"
    Warning (15610): No output dependent on input pin "SW[12]"
    Warning (15610): No output dependent on input pin "SW[13]"
    Warning (15610): No output dependent on input pin "SW[14]"
    Warning (15610): No output dependent on input pin "SW[15]"
    Warning (15610): No output dependent on input pin "SW[16]"
    Warning (15610): No output dependent on input pin "SW[17]"
Info (21057): Implemented 333 device resources after synthesis - the final resource count might be different
    Info (21058): Implemented 23 input pins
    Info (21059): Implemented 46 output pins
    Info (21061): Implemented 264 logic cells
Info: Quartus II 32-bit Partition Merge was successful. 0 errors, 15 warnings
    Info: Peak virtual memory: 361 megabytes
    Info: Processing ended: Thu Sep 15 14:06:33 2016
    Info: Elapsed time: 00:00:03
    Info: Total CPU time (on all processors): 00:00:01


