Flow report for Generic_ALU
Thu Sep 15 14:07:15 2016
Quartus II 32-bit Version 12.1 Build 243 01/31/2013 Service Pack 1 SJ Full Version


---------------------
; Table of Contents ;
---------------------
  1. Legal Notice
  2. Flow Summary
  3. Flow Settings
  4. Flow Non-Default Global Settings
  5. Flow Elapsed Time
  6. Flow OS Summary
  7. Flow Log



----------------
; Legal Notice ;
----------------
Copyright (C) 1991-2012 Altera Corporation
Your use of Altera Corporation's design tools, logic functions 
and other software and tools, and its AMPP partner logic 
functions, and any output files from any of the foregoing 
(including device programming or simulation files), and any 
associated documentation or information are expressly subject 
to the terms and conditions of the Altera Program License 
Subscription Agreement, Altera MegaCore Function License 
Agreement, or other applicable license agreement, including, 
without limitation, that your use is for the sole purpose of 
programming logic devices manufactured by Altera and sold by 
Altera or its authorized distributors.  Please refer to the 
applicable agreement for further details.



+-------------------------------------------------------------------------------------+
; Flow Summary                                                                        ;
+------------------------------------+------------------------------------------------+
; Flow Status                        ; Successful - Thu Sep 15 14:07:06 2016          ;
; Quartus II 32-bit Version          ; 12.1 Build 243 01/31/2013 SP 1 SJ Full Version ;
; Revision Name                      ; Generic_ALU                                    ;
; Top-level Entity Name              ; demo                                           ;
; Family                             ; Cyclone IV E                                   ;
; Device                             ; EP4CE115F29C7                                  ;
; Timing Models                      ; Final                                          ;
; Total logic elements               ; 266 / 114,480 ( < 1 % )                        ;
;     Total combinational functions  ; 263 / 114,480 ( < 1 % )                        ;
;     Dedicated logic registers      ; 35 / 114,480 ( < 1 % )                         ;
; Total registers                    ; 43                                             ;
; Total pins                         ; 69 / 529 ( 13 % )                              ;
; Total virtual pins                 ; 0                                              ;
; Total memory bits                  ; 0 / 3,981,312 ( 0 % )                          ;
; Embedded Multiplier 9-bit elements ; 0 / 532 ( 0 % )                                ;
; Total PLLs                         ; 0 / 4 ( 0 % )                                  ;
+------------------------------------+------------------------------------------------+


+-----------------------------------------+
; Flow Settings                           ;
+-------------------+---------------------+
; Option            ; Setting             ;
+-------------------+---------------------+
; Start date & time ; 06/30/2016 09:07:59 ;
; Main task         ; Compilation         ;
; Revision Name     ; Generic_ALU         ;
+-------------------+---------------------+


+-----------------------------------------------------------------------------------------------------------------------------+
; Flow Non-Default Global Settings                                                                                            ;
+-------------------------------------+---------------------------------------+--------------------+-------------+------------+
; Assignment Name                     ; Value                                 ; Default Value      ; Entity Name ; Section Id ;
+-------------------------------------+---------------------------------------+--------------------+-------------+------------+
; COMPILER_SIGNATURE_ID               ; 36051160060555.146727047905884        ; --                 ; --          ; --         ;
; ENABLE_SIGNALTAP                    ; On                                    ; --                 ; --          ; --         ;
; FITTER_EFFORT                       ; Fast Fit                              ; Auto Fit           ; --          ; --         ;
; MAX_CORE_JUNCTION_TEMP              ; 85                                    ; --                 ; --          ; --         ;
; MIN_CORE_JUNCTION_TEMP              ; 0                                     ; --                 ; --          ; --         ;
; OPTIMIZE_POWER_DURING_FITTING       ; Off                                   ; Normal compilation ; --          ; --         ;
; OPTIMIZE_POWER_DURING_SYNTHESIS     ; Off                                   ; Normal compilation ; --          ; --         ;
; OUTPUT_IO_TIMING_FAR_END_VMEAS      ; Half Signal Swing                     ; --                 ; --          ; --         ;
; OUTPUT_IO_TIMING_FAR_END_VMEAS      ; Half Signal Swing                     ; --                 ; --          ; --         ;
; OUTPUT_IO_TIMING_NEAR_END_VMEAS     ; Half Vccio                            ; --                 ; --          ; --         ;
; OUTPUT_IO_TIMING_NEAR_END_VMEAS     ; Half Vccio                            ; --                 ; --          ; --         ;
; PARTITION_COLOR                     ; 16764057                              ; --                 ; alu         ; Top        ;
; PARTITION_FITTER_PRESERVATION_LEVEL ; PLACEMENT_AND_ROUTING                 ; --                 ; alu         ; Top        ;
; PARTITION_NETLIST_TYPE              ; POST_FIT                              ; --                 ; alu         ; Top        ;
; POWER_BOARD_THERMAL_MODEL           ; None (CONSERVATIVE)                   ; --                 ; --          ; --         ;
; POWER_PRESET_COOLING_SOLUTION       ; 23 MM HEAT SINK WITH 200 LFPM AIRFLOW ; --                 ; --          ; --         ;
; PROJECT_OUTPUT_DIRECTORY            ; output_files                          ; --                 ; --          ; --         ;
; RTLV_GROUP_RELATED_NODES            ; Off                                   ; On                 ; --          ; --         ;
; RTLV_REMOVE_FANOUT_FREE_REGISTERS   ; Off                                   ; On                 ; --          ; --         ;
; RTLV_SIMPLIFIED_LOGIC               ; Off                                   ; On                 ; --          ; --         ;
; TOP_LEVEL_ENTITY                    ; alu                                   ; Generic_ALU        ; --          ; --         ;
; USE_SIGNALTAP_FILE                  ; stp2.stp                              ; --                 ; --          ; --         ;
; VHDL_INPUT_VERSION                  ; VHDL_2008                             ; VHDL_1993          ; --          ; --         ;
; VHDL_SHOW_LMF_MAPPING_MESSAGES      ; Off                                   ; --                 ; --          ; --         ;
+-------------------------------------+---------------------------------------+--------------------+-------------+------------+


+-------------------------------------------------------------------------------------------------------------------------------+
; Flow Elapsed Time                                                                                                             ;
+---------------------------+--------------+-------------------------+---------------------+------------------------------------+
; Module Name               ; Elapsed Time ; Average Processors Used ; Peak Virtual Memory ; Total CPU Time (on all processors) ;
+---------------------------+--------------+-------------------------+---------------------+------------------------------------+
; Analysis & Synthesis      ; 00:00:16     ; 1.0                     ; 370 MB              ; 00:00:06                           ;
; Partition Merge           ; 00:00:02     ; 1.0                     ; 359 MB              ; 00:00:01                           ;
; Fitter                    ; 00:00:16     ; 1.7                     ; 673 MB              ; 00:00:14                           ;
; Assembler                 ; 00:00:08     ; 1.0                     ; 358 MB              ; 00:00:07                           ;
; TimeQuest Timing Analyzer ; 00:00:07     ; 1.0                     ; 420 MB              ; 00:00:03                           ;
; Analysis & Synthesis      ; 00:00:16     ; 1.0                     ; 385 MB              ; 00:00:06                           ;
; Partition Merge           ; 00:00:03     ; 1.0                     ; 359 MB              ; 00:00:01                           ;
; Fitter                    ; 00:00:16     ; 1.7                     ; 665 MB              ; 00:00:15                           ;
; Assembler                 ; 00:00:08     ; 1.0                     ; 358 MB              ; 00:00:07                           ;
; TimeQuest Timing Analyzer ; 00:00:07     ; 1.0                     ; 418 MB              ; 00:00:03                           ;
; Analysis & Synthesis      ; 00:00:15     ; 1.0                     ; 389 MB              ; 00:00:06                           ;
; Partition Merge           ; 00:00:02     ; 1.0                     ; 359 MB              ; 00:00:01                           ;
; Fitter                    ; 00:00:16     ; 2.1                     ; 666 MB              ; 00:00:15                           ;
; Assembler                 ; 00:00:08     ; 1.0                     ; 362 MB              ; 00:00:07                           ;
; TimeQuest Timing Analyzer ; 00:00:07     ; 1.0                     ; 450 MB              ; 00:00:03                           ;
; Analysis & Synthesis      ; 00:00:04     ; 1.0                     ; 370 MB              ; 00:00:02                           ;
; Analysis & Synthesis      ; 00:00:04     ; 1.0                     ; 370 MB              ; 00:00:02                           ;
; Analysis & Synthesis      ; 00:00:05     ; 1.0                     ; 370 MB              ; 00:00:02                           ;
; Analysis & Synthesis      ; 00:00:15     ; 1.0                     ; 389 MB              ; 00:00:05                           ;
; Partition Merge           ; 00:00:02     ; 1.0                     ; 359 MB              ; 00:00:01                           ;
; Fitter                    ; 00:00:17     ; 2.1                     ; 672 MB              ; 00:00:15                           ;
; Assembler                 ; 00:00:08     ; 1.0                     ; 358 MB              ; 00:00:07                           ;
; TimeQuest Timing Analyzer ; 00:00:07     ; 1.0                     ; 409 MB              ; 00:00:03                           ;
; Analysis & Synthesis      ; 00:00:16     ; 1.0                     ; 389 MB              ; 00:00:06                           ;
; Partition Merge           ; 00:00:02     ; 1.0                     ; 359 MB              ; 00:00:01                           ;
; Fitter                    ; 00:00:15     ; 1.0                     ; 654 MB              ; 00:00:14                           ;
; Assembler                 ; 00:00:08     ; 1.0                     ; 362 MB              ; 00:00:07                           ;
; TimeQuest Timing Analyzer ; 00:00:06     ; 1.0                     ; 418 MB              ; 00:00:03                           ;
; Analysis & Synthesis      ; 00:00:19     ; 1.0                     ; 380 MB              ; 00:00:06                           ;
; Partition Merge           ; 00:00:03     ; 1.0                     ; 359 MB              ; 00:00:01                           ;
; Fitter                    ; 00:00:15     ; 1.0                     ; 655 MB              ; 00:00:13                           ;
; Assembler                 ; 00:00:08     ; 1.0                     ; 358 MB              ; 00:00:07                           ;
; TimeQuest Timing Analyzer ; 00:00:06     ; 1.0                     ; 413 MB              ; 00:00:03                           ;
; Analysis & Synthesis      ; 00:00:21     ; 1.0                     ; 377 MB              ; 00:00:08                           ;
; Partition Merge           ; 00:00:02     ; 1.0                     ; 359 MB              ; 00:00:01                           ;
; Fitter                    ; 00:00:16     ; 1.7                     ; 662 MB              ; 00:00:15                           ;
; Assembler                 ; 00:00:08     ; 1.0                     ; 362 MB              ; 00:00:07                           ;
; TimeQuest Timing Analyzer ; 00:00:06     ; 1.0                     ; 421 MB              ; 00:00:03                           ;
; Analysis & Synthesis      ; 00:00:24     ; 1.0                     ; 385 MB              ; 00:00:09                           ;
; Partition Merge           ; 00:00:03     ; 1.0                     ; 359 MB              ; 00:00:01                           ;
; Fitter                    ; 00:00:15     ; 1.0                     ; 667 MB              ; 00:00:14                           ;
; Assembler                 ; 00:00:08     ; 1.0                     ; 370 MB              ; 00:00:06                           ;
; TimeQuest Timing Analyzer ; 00:00:06     ; 1.0                     ; 418 MB              ; 00:00:03                           ;
; Analysis & Synthesis      ; 00:00:22     ; 1.0                     ; 389 MB              ; 00:00:08                           ;
; Partition Merge           ; 00:00:02     ; 1.0                     ; 359 MB              ; 00:00:01                           ;
; Fitter                    ; 00:00:16     ; 2.1                     ; 670 MB              ; 00:00:14                           ;
; Assembler                 ; 00:00:08     ; 1.0                     ; 370 MB              ; 00:00:06                           ;
; TimeQuest Timing Analyzer ; 00:00:06     ; 1.0                     ; 418 MB              ; 00:00:03                           ;
; Analysis & Synthesis      ; 00:00:15     ; 1.0                     ; 389 MB              ; 00:00:06                           ;
; Partition Merge           ; 00:00:03     ; 1.0                     ; 359 MB              ; 00:00:01                           ;
; Fitter                    ; 00:00:20     ; 1.5                     ; 655 MB              ; 00:00:19                           ;
; Assembler                 ; 00:00:11     ; 1.0                     ; 366 MB              ; 00:00:09                           ;
; TimeQuest Timing Analyzer ; 00:00:07     ; 1.0                     ; 419 MB              ; 00:00:04                           ;
; Analysis & Synthesis      ; 00:00:04     ; 1.0                     ; 371 MB              ; 00:00:02                           ;
; Analysis & Synthesis      ; 00:00:04     ; 1.0                     ; 371 MB              ; 00:00:02                           ;
; Analysis & Synthesis      ; 00:00:04     ; 1.0                     ; 371 MB              ; 00:00:02                           ;
; Analysis & Synthesis      ; 00:00:05     ; 1.0                     ; 363 MB              ; 00:00:02                           ;
; Analysis & Synthesis      ; 00:00:18     ; 1.0                     ; 386 MB              ; 00:00:07                           ;
; Partition Merge           ; 00:00:02     ; 1.0                     ; 360 MB              ; 00:00:01                           ;
; Fitter                    ; 00:00:16     ; 1.7                     ; 662 MB              ; 00:00:14                           ;
; Assembler                 ; 00:00:08     ; 1.0                     ; 363 MB              ; 00:00:07                           ;
; TimeQuest Timing Analyzer ; 00:00:06     ; 1.0                     ; 431 MB              ; 00:00:03                           ;
; Analysis & Synthesis      ; 00:00:10     ; 1.0                     ; 385 MB              ; 00:00:04                           ;
; Partition Merge           ; 00:00:03     ; 1.0                     ; 359 MB              ; 00:00:01                           ;
; Fitter                    ; 00:00:19     ; 1.5                     ; 669 MB              ; 00:00:16                           ;
; Assembler                 ; 00:00:08     ; 1.0                     ; 358 MB              ; 00:00:07                           ;
; TimeQuest Timing Analyzer ; 00:00:06     ; 1.0                     ; 410 MB              ; 00:00:03                           ;
; Analysis & Synthesis      ; 00:00:08     ; 1.0                     ; 389 MB              ; 00:00:03                           ;
; Partition Merge           ; 00:00:02     ; 1.0                     ; 359 MB              ; 00:00:01                           ;
; Fitter                    ; 00:00:16     ; 1.0                     ; 662 MB              ; 00:00:15                           ;
; Assembler                 ; 00:00:08     ; 1.0                     ; 358 MB              ; 00:00:06                           ;
; TimeQuest Timing Analyzer ; 00:00:06     ; 1.0                     ; 419 MB              ; 00:00:03                           ;
; Analysis & Synthesis      ; 00:00:06     ; 1.0                     ; 372 MB              ; 00:00:02                           ;
; Analysis & Synthesis      ; 00:00:05     ; 1.0                     ; 372 MB              ; 00:00:02                           ;
; Analysis & Synthesis      ; 00:00:04     ; 1.0                     ; 372 MB              ; 00:00:02                           ;
; Analysis & Synthesis      ; 00:00:05     ; 1.0                     ; 372 MB              ; 00:00:02                           ;
; Analysis & Synthesis      ; 00:00:04     ; 1.0                     ; 372 MB              ; 00:00:02                           ;
; Analysis & Synthesis      ; 00:00:04     ; 1.0                     ; 372 MB              ; 00:00:02                           ;
; Analysis & Synthesis      ; 00:00:04     ; 1.0                     ; 372 MB              ; 00:00:02                           ;
; Analysis & Synthesis      ; 00:00:04     ; 1.0                     ; 372 MB              ; 00:00:02                           ;
; Analysis & Synthesis      ; 00:00:04     ; 1.0                     ; 372 MB              ; 00:00:02                           ;
; Analysis & Synthesis      ; 00:00:04     ; 1.0                     ; 372 MB              ; 00:00:02                           ;
; Analysis & Synthesis      ; 00:00:04     ; 1.0                     ; 372 MB              ; 00:00:02                           ;
; Analysis & Synthesis      ; 00:00:05     ; 1.0                     ; 372 MB              ; 00:00:02                           ;
; Analysis & Synthesis      ; 00:00:16     ; 1.0                     ; 393 MB              ; 00:00:06                           ;
; Partition Merge           ; 00:00:03     ; 1.0                     ; 361 MB              ; 00:00:01                           ;
; Fitter                    ; 00:00:18     ; 1.0                     ; 674 MB              ; 00:00:14                           ;
; Assembler                 ; 00:00:09     ; 1.0                     ; 360 MB              ; 00:00:07                           ;
; TimeQuest Timing Analyzer ; 00:00:07     ; 1.0                     ; 420 MB              ; 00:00:03                           ;
; Analysis & Synthesis      ; 00:00:07     ; 1.0                     ; 367 MB              ; 00:00:02                           ;
; Analysis & Synthesis      ; 00:00:16     ; 1.0                     ; 374 MB              ; 00:00:06                           ;
; Partition Merge           ; 00:00:02     ; 1.0                     ; 356 MB              ; 00:00:01                           ;
; Fitter                    ; 00:00:18     ; 1.6                     ; 656 MB              ; 00:00:14                           ;
; Assembler                 ; 00:00:08     ; 1.0                     ; 355 MB              ; 00:00:06                           ;
; TimeQuest Timing Analyzer ; 00:00:09     ; 1.0                     ; 422 MB              ; 00:00:03                           ;
; Analysis & Synthesis      ; 00:00:14     ; 1.0                     ; 387 MB              ; 00:00:05                           ;
; Partition Merge           ; 00:00:02     ; 1.0                     ; 357 MB              ; 00:00:01                           ;
; Fitter                    ; 00:00:15     ; 1.0                     ; 660 MB              ; 00:00:14                           ;
; Assembler                 ; 00:00:08     ; 1.0                     ; 360 MB              ; 00:00:07                           ;
; TimeQuest Timing Analyzer ; 00:00:06     ; 1.0                     ; 417 MB              ; 00:00:03                           ;
; Analysis & Synthesis      ; 00:00:13     ; 1.0                     ; 375 MB              ; 00:00:05                           ;
; Partition Merge           ; 00:00:02     ; 1.0                     ; 357 MB              ; 00:00:01                           ;
; Fitter                    ; 00:00:15     ; 1.0                     ; 648 MB              ; 00:00:14                           ;
; Assembler                 ; 00:00:08     ; 1.0                     ; 364 MB              ; 00:00:07                           ;
; TimeQuest Timing Analyzer ; 00:00:06     ; 1.0                     ; 419 MB              ; 00:00:03                           ;
; Analysis & Synthesis      ; 00:00:04     ; 1.0                     ; 368 MB              ; 00:00:02                           ;
; Analysis & Synthesis      ; 00:00:04     ; 1.0                     ; 360 MB              ; 00:00:02                           ;
; Analysis & Synthesis      ; 00:00:05     ; 1.0                     ; 360 MB              ; 00:00:02                           ;
; Analysis & Synthesis      ; 00:00:15     ; 1.0                     ; 375 MB              ; 00:00:06                           ;
; Partition Merge           ; 00:00:03     ; 1.0                     ; 357 MB              ; 00:00:01                           ;
; Fitter                    ; 00:00:17     ; 1.6                     ; 660 MB              ; 00:00:15                           ;
; Assembler                 ; 00:00:08     ; 1.0                     ; 364 MB              ; 00:00:07                           ;
; TimeQuest Timing Analyzer ; 00:00:06     ; 1.0                     ; 420 MB              ; 00:00:03                           ;
; Analysis & Synthesis      ; 00:00:05     ; 1.0                     ; 367 MB              ; 00:00:02                           ;
; Analysis & Synthesis      ; 00:00:13     ; 1.0                     ; 382 MB              ; 00:00:05                           ;
; Partition Merge           ; 00:00:03     ; 1.0                     ; 360 MB              ; 00:00:01                           ;
; Fitter                    ; 00:00:17     ; 1.6                     ; 654 MB              ; 00:00:15                           ;
; Assembler                 ; 00:00:08     ; 1.0                     ; 367 MB              ; 00:00:07                           ;
; TimeQuest Timing Analyzer ; 00:00:07     ; 1.0                     ; 420 MB              ; 00:00:03                           ;
; Analysis & Synthesis      ; 00:00:04     ; 1.0                     ; 371 MB              ; 00:00:02                           ;
; Analysis & Synthesis      ; 00:00:14     ; 1.0                     ; 382 MB              ; 00:00:05                           ;
; Partition Merge           ; 00:00:03     ; 1.0                     ; 360 MB              ; 00:00:01                           ;
; Fitter                    ; 00:00:18     ; 1.0                     ; 661 MB              ; 00:00:16                           ;
; Assembler                 ; 00:00:08     ; 1.0                     ; 371 MB              ; 00:00:07                           ;
; TimeQuest Timing Analyzer ; 00:00:07     ; 1.0                     ; 422 MB              ; 00:00:03                           ;
; Analysis & Synthesis      ; 00:00:16     ; 1.0                     ; 390 MB              ; 00:00:06                           ;
; Partition Merge           ; 00:00:02     ; 1.0                     ; 360 MB              ; 00:00:01                           ;
; Fitter                    ; 00:00:16     ; 1.7                     ; 668 MB              ; 00:00:15                           ;
; Assembler                 ; 00:00:08     ; 1.0                     ; 367 MB              ; 00:00:06                           ;
; TimeQuest Timing Analyzer ; 00:00:06     ; 1.0                     ; 427 MB              ; 00:00:03                           ;
; Analysis & Synthesis      ; 00:00:14     ; 1.0                     ; 390 MB              ; 00:00:05                           ;
; Partition Merge           ; 00:00:02     ; 1.0                     ; 360 MB              ; 00:00:01                           ;
; Fitter                    ; 00:00:17     ; 1.7                     ; 662 MB              ; 00:00:15                           ;
; Assembler                 ; 00:00:08     ; 1.0                     ; 363 MB              ; 00:00:07                           ;
; TimeQuest Timing Analyzer ; 00:00:07     ; 1.0                     ; 421 MB              ; 00:00:03                           ;
; Analysis & Synthesis      ; 00:00:16     ; 1.0                     ; 390 MB              ; 00:00:06                           ;
; Partition Merge           ; 00:00:02     ; 1.0                     ; 360 MB              ; 00:00:01                           ;
; Fitter                    ; 00:00:16     ; 1.6                     ; 672 MB              ; 00:00:15                           ;
; Assembler                 ; 00:00:07     ; 1.0                     ; 371 MB              ; 00:00:07                           ;
; TimeQuest Timing Analyzer ; 00:00:06     ; 1.0                     ; 424 MB              ; 00:00:03                           ;
; Analysis & Synthesis      ; 00:00:05     ; 1.0                     ; 371 MB              ; 00:00:02                           ;
; Analysis & Synthesis      ; 00:00:04     ; 1.0                     ; 371 MB              ; 00:00:02                           ;
; Analysis & Synthesis      ; 00:00:15     ; 1.0                     ; 390 MB              ; 00:00:06                           ;
; Partition Merge           ; 00:00:02     ; 1.0                     ; 360 MB              ; 00:00:01                           ;
; Fitter                    ; 00:00:17     ; 1.6                     ; 676 MB              ; 00:00:16                           ;
; Assembler                 ; 00:00:08     ; 1.0                     ; 363 MB              ; 00:00:07                           ;
; TimeQuest Timing Analyzer ; 00:00:07     ; 1.0                     ; 428 MB              ; 00:00:04                           ;
; Analysis & Synthesis      ; 00:00:18     ; 1.0                     ; 390 MB              ; 00:00:07                           ;
; Partition Merge           ; 00:00:02     ; 1.0                     ; 360 MB              ; 00:00:01                           ;
; Fitter                    ; 00:00:17     ; 1.0                     ; 668 MB              ; 00:00:16                           ;
; Assembler                 ; 00:00:09     ; 1.0                     ; 359 MB              ; 00:00:08                           ;
; TimeQuest Timing Analyzer ; 00:00:07     ; 1.0                     ; 414 MB              ; 00:00:04                           ;
; Analysis & Synthesis      ; 00:00:16     ; 1.0                     ; 390 MB              ; 00:00:07                           ;
; Partition Merge           ; 00:00:02     ; 1.0                     ; 360 MB              ; 00:00:01                           ;
; Fitter                    ; 00:00:18     ; 1.0                     ; 664 MB              ; 00:00:16                           ;
; Assembler                 ; 00:00:09     ; 1.0                     ; 363 MB              ; 00:00:07                           ;
; TimeQuest Timing Analyzer ; 00:00:07     ; 1.0                     ; 413 MB              ; 00:00:04                           ;
; Analysis & Synthesis      ; 00:00:17     ; 1.0                     ; 386 MB              ; 00:00:07                           ;
; Partition Merge           ; 00:00:03     ; 1.0                     ; 360 MB              ; 00:00:01                           ;
; Fitter                    ; 00:00:18     ; 2.1                     ; 683 MB              ; 00:00:16                           ;
; Assembler                 ; 00:00:08     ; 1.0                     ; 359 MB              ; 00:00:07                           ;
; TimeQuest Timing Analyzer ; 00:00:07     ; 1.0                     ; 420 MB              ; 00:00:04                           ;
; Analysis & Synthesis      ; 00:00:17     ; 1.0                     ; 386 MB              ; 00:00:07                           ;
; Partition Merge           ; 00:00:02     ; 1.0                     ; 360 MB              ; 00:00:01                           ;
; Fitter                    ; 00:00:19     ; 2.0                     ; 682 MB              ; 00:00:18                           ;
; Assembler                 ; 00:00:08     ; 1.0                     ; 359 MB              ; 00:00:07                           ;
; TimeQuest Timing Analyzer ; 00:00:07     ; 1.0                     ; 414 MB              ; 00:00:04                           ;
; Analysis & Synthesis      ; 00:00:15     ; 1.0                     ; 386 MB              ; 00:00:05                           ;
; Partition Merge           ; 00:00:02     ; 1.0                     ; 360 MB              ; 00:00:01                           ;
; Fitter                    ; 00:00:17     ; 2.0                     ; 672 MB              ; 00:00:16                           ;
; Assembler                 ; 00:00:08     ; 1.0                     ; 363 MB              ; 00:00:07                           ;
; TimeQuest Timing Analyzer ; 00:00:07     ; 1.0                     ; 424 MB              ; 00:00:03                           ;
; Analysis & Synthesis      ; 00:00:14     ; 1.0                     ; 390 MB              ; 00:00:05                           ;
; Partition Merge           ; 00:00:02     ; 1.0                     ; 360 MB              ; 00:00:01                           ;
; Fitter                    ; 00:00:16     ; 1.6                     ; 656 MB              ; 00:00:15                           ;
; Assembler                 ; 00:00:08     ; 1.0                     ; 367 MB              ; 00:00:06                           ;
; TimeQuest Timing Analyzer ; 00:00:06     ; 1.0                     ; 423 MB              ; 00:00:03                           ;
; Analysis & Synthesis      ; 00:00:15     ; 1.0                     ; 390 MB              ; 00:00:06                           ;
; Partition Merge           ; 00:00:02     ; 1.0                     ; 360 MB              ; 00:00:01                           ;
; Fitter                    ; 00:00:17     ; 1.0                     ; 672 MB              ; 00:00:15                           ;
; Assembler                 ; 00:00:08     ; 1.0                     ; 355 MB              ; 00:00:06                           ;
; TimeQuest Timing Analyzer ; 00:00:07     ; 1.0                     ; 417 MB              ; 00:00:03                           ;
; Analysis & Synthesis      ; 00:00:15     ; 1.0                     ; 390 MB              ; 00:00:07                           ;
; Partition Merge           ; 00:00:03     ; 1.0                     ; 360 MB              ; 00:00:01                           ;
; Fitter                    ; 00:00:17     ; 1.0                     ; 664 MB              ; 00:00:16                           ;
; Assembler                 ; 00:00:08     ; 1.0                     ; 355 MB              ; 00:00:07                           ;
; TimeQuest Timing Analyzer ; 00:00:07     ; 1.0                     ; 421 MB              ; 00:00:03                           ;
; Analysis & Synthesis      ; 00:00:15     ; 1.0                     ; 390 MB              ; 00:00:06                           ;
; Partition Merge           ; 00:00:02     ; 1.0                     ; 360 MB              ; 00:00:01                           ;
; Fitter                    ; 00:00:18     ; 1.6                     ; 679 MB              ; 00:00:17                           ;
; Assembler                 ; 00:00:07     ; 1.0                     ; 363 MB              ; 00:00:06                           ;
; TimeQuest Timing Analyzer ; 00:00:08     ; 1.0                     ; 423 MB              ; 00:00:03                           ;
; Analysis & Synthesis      ; 00:00:17     ; 1.0                     ; 378 MB              ; 00:00:07                           ;
; Partition Merge           ; 00:00:02     ; 1.0                     ; 360 MB              ; 00:00:01                           ;
; Fitter                    ; 00:00:18     ; 1.6                     ; 678 MB              ; 00:00:17                           ;
; Assembler                 ; 00:00:08     ; 1.0                     ; 367 MB              ; 00:00:07                           ;
; TimeQuest Timing Analyzer ; 00:00:07     ; 1.0                     ; 423 MB              ; 00:00:04                           ;
; Analysis & Synthesis      ; 00:00:05     ; 1.0                     ; 367 MB              ; 00:00:02                           ;
; Analysis & Synthesis      ; 00:00:16     ; 1.0                     ; 382 MB              ; 00:00:07                           ;
; Partition Merge           ; 00:00:02     ; 1.0                     ; 360 MB              ; 00:00:01                           ;
; Fitter                    ; 00:00:17     ; 1.6                     ; 675 MB              ; 00:00:15                           ;
; Assembler                 ; 00:00:08     ; 1.0                     ; 363 MB              ; 00:00:07                           ;
; TimeQuest Timing Analyzer ; 00:00:07     ; 1.0                     ; 420 MB              ; 00:00:04                           ;
; Analysis & Synthesis      ; 00:00:04     ; 1.0                     ; 371 MB              ; 00:00:02                           ;
; Analysis & Synthesis      ; 00:00:04     ; 1.0                     ; 371 MB              ; 00:00:02                           ;
; Analysis & Synthesis      ; 00:00:05     ; 1.0                     ; 371 MB              ; 00:00:02                           ;
; Analysis & Synthesis      ; 00:00:05     ; 1.0                     ; 371 MB              ; 00:00:02                           ;
; Analysis & Synthesis      ; 00:00:15     ; 1.0                     ; 386 MB              ; 00:00:06                           ;
; Partition Merge           ; 00:00:03     ; 1.0                     ; 360 MB              ; 00:00:01                           ;
; Fitter                    ; 00:00:19     ; 1.6                     ; 683 MB              ; 00:00:18                           ;
; Assembler                 ; 00:00:09     ; 1.0                     ; 367 MB              ; 00:00:07                           ;
; TimeQuest Timing Analyzer ; 00:00:07     ; 1.0                     ; 424 MB              ; 00:00:04                           ;
; Analysis & Synthesis      ; 00:00:04     ; 1.0                     ; 371 MB              ; 00:00:02                           ;
; Analysis & Synthesis      ; 00:00:04     ; 1.0                     ; 371 MB              ; 00:00:02                           ;
; Analysis & Synthesis      ; 00:00:17     ; 1.0                     ; 386 MB              ; 00:00:07                           ;
; Partition Merge           ; 00:00:03     ; 1.0                     ; 360 MB              ; 00:00:01                           ;
; Fitter                    ; 00:00:17     ; 1.6                     ; 675 MB              ; 00:00:16                           ;
; Assembler                 ; 00:00:08     ; 1.0                     ; 367 MB              ; 00:00:06                           ;
; TimeQuest Timing Analyzer ; 00:00:07     ; 1.0                     ; 424 MB              ; 00:00:03                           ;
; Analysis & Synthesis      ; 00:00:17     ; 1.0                     ; 386 MB              ; 00:00:05                           ;
; Partition Merge           ; 00:00:03     ; 1.0                     ; 360 MB              ; 00:00:01                           ;
; Fitter                    ; 00:00:17     ; 1.0                     ; 679 MB              ; 00:00:15                           ;
; Assembler                 ; 00:00:09     ; 1.0                     ; 363 MB              ; 00:00:07                           ;
; TimeQuest Timing Analyzer ; 00:00:07     ; 1.0                     ; 415 MB              ; 00:00:04                           ;
; Analysis & Synthesis      ; 00:00:18     ; 1.0                     ; 386 MB              ; 00:00:07                           ;
; Partition Merge           ; 00:00:03     ; 1.0                     ; 360 MB              ; 00:00:01                           ;
; Fitter                    ; 00:00:18     ; 2.0                     ; 678 MB              ; 00:00:16                           ;
; Assembler                 ; 00:00:08     ; 1.0                     ; 364 MB              ; 00:00:07                           ;
; TimeQuest Timing Analyzer ; 00:00:07     ; 1.0                     ; 431 MB              ; 00:00:04                           ;
; Analysis & Synthesis      ; 00:00:16     ; 1.0                     ; 387 MB              ; 00:00:06                           ;
; Partition Merge           ; 00:00:03     ; 1.0                     ; 361 MB              ; 00:00:01                           ;
; Fitter                    ; 00:00:18     ; 1.0                     ; 675 MB              ; 00:00:16                           ;
; Assembler                 ; 00:00:08     ; 1.0                     ; 364 MB              ; 00:00:06                           ;
; TimeQuest Timing Analyzer ; 00:00:07     ; 1.0                     ; 421 MB              ; 00:00:03                           ;
; Analysis & Synthesis      ; 00:00:17     ; 1.0                     ; 387 MB              ; 00:00:07                           ;
; Partition Merge           ; 00:00:03     ; 1.0                     ; 361 MB              ; 00:00:01                           ;
; Fitter                    ; 00:00:19     ; 2.0                     ; 672 MB              ; 00:00:17                           ;
; Assembler                 ; 00:00:08     ; 1.0                     ; 364 MB              ; 00:00:07                           ;
; TimeQuest Timing Analyzer ; 00:00:08     ; 1.0                     ; 431 MB              ; 00:00:04                           ;
; Analysis & Synthesis      ; 00:00:18     ; 1.0                     ; 387 MB              ; 00:00:08                           ;
; Partition Merge           ; 00:00:03     ; 1.0                     ; 361 MB              ; 00:00:01                           ;
; Fitter                    ; 00:00:18     ; 1.6                     ; 675 MB              ; 00:00:16                           ;
; Assembler                 ; 00:00:08     ; 1.0                     ; 364 MB              ; 00:00:07                           ;
; TimeQuest Timing Analyzer ; 00:00:08     ; 1.0                     ; 421 MB              ; 00:00:04                           ;
; Analysis & Synthesis      ; 00:00:18     ; 1.0                     ; 387 MB              ; 00:00:08                           ;
; Partition Merge           ; 00:00:02     ; 1.0                     ; 361 MB              ; 00:00:01                           ;
; Fitter                    ; 00:00:18     ; 2.0                     ; 668 MB              ; 00:00:17                           ;
; Assembler                 ; 00:00:08     ; 1.0                     ; 364 MB              ; 00:00:07                           ;
; TimeQuest Timing Analyzer ; 00:00:08     ; 1.0                     ; 421 MB              ; 00:00:04                           ;
; Analysis & Synthesis      ; 00:00:18     ; 1.0                     ; 387 MB              ; 00:00:07                           ;
; Partition Merge           ; 00:00:03     ; 1.0                     ; 361 MB              ; 00:00:01                           ;
; Fitter                    ; 00:00:19     ; 1.0                     ; 691 MB              ; 00:00:17                           ;
; Assembler                 ; 00:00:08     ; 1.0                     ; 364 MB              ; 00:00:07                           ;
; TimeQuest Timing Analyzer ; 00:00:07     ; 1.0                     ; 415 MB              ; 00:00:04                           ;
; Total                     ; 00:39:35     ; --                      ; --                  ; 00:25:14                           ;
+---------------------------+--------------+-------------------------+---------------------+------------------------------------+


+----------------------------------------------------------------------------------------+
; Flow OS Summary                                                                        ;
+---------------------------+------------------+-----------+------------+----------------+
; Module Name               ; Machine Hostname ; OS Name   ; OS Version ; Processor type ;
+---------------------------+------------------+-----------+------------+----------------+
; Analysis & Synthesis      ; MONROE           ; Windows 7 ; 6.1        ; x86_64         ;
; Partition Merge           ; MONROE           ; Windows 7 ; 6.1        ; x86_64         ;
; Fitter                    ; MONROE           ; Windows 7 ; 6.1        ; x86_64         ;
; Assembler                 ; MONROE           ; Windows 7 ; 6.1        ; x86_64         ;
; TimeQuest Timing Analyzer ; MONROE           ; Windows 7 ; 6.1        ; x86_64         ;
; Analysis & Synthesis      ; MONROE           ; Windows 7 ; 6.1        ; x86_64         ;
; Partition Merge           ; MONROE           ; Windows 7 ; 6.1        ; x86_64         ;
; Fitter                    ; MONROE           ; Windows 7 ; 6.1        ; x86_64         ;
; Assembler                 ; MONROE           ; Windows 7 ; 6.1        ; x86_64         ;
; TimeQuest Timing Analyzer ; MONROE           ; Windows 7 ; 6.1        ; x86_64         ;
; Analysis & Synthesis      ; MONROE           ; Windows 7 ; 6.1        ; x86_64         ;
; Partition Merge           ; MONROE           ; Windows 7 ; 6.1        ; x86_64         ;
; Fitter                    ; MONROE           ; Windows 7 ; 6.1        ; x86_64         ;
; Assembler                 ; MONROE           ; Windows 7 ; 6.1        ; x86_64         ;
; TimeQuest Timing Analyzer ; MONROE           ; Windows 7 ; 6.1        ; x86_64         ;
; Analysis & Synthesis      ; MONROE           ; Windows 7 ; 6.1        ; x86_64         ;
; Analysis & Synthesis      ; MONROE           ; Windows 7 ; 6.1        ; x86_64         ;
; Analysis & Synthesis      ; MONROE           ; Windows 7 ; 6.1        ; x86_64         ;
; Analysis & Synthesis      ; MONROE           ; Windows 7 ; 6.1        ; x86_64         ;
; Partition Merge           ; MONROE           ; Windows 7 ; 6.1        ; x86_64         ;
; Fitter                    ; MONROE           ; Windows 7 ; 6.1        ; x86_64         ;
; Assembler                 ; MONROE           ; Windows 7 ; 6.1        ; x86_64         ;
; TimeQuest Timing Analyzer ; MONROE           ; Windows 7 ; 6.1        ; x86_64         ;
; Analysis & Synthesis      ; MONROE           ; Windows 7 ; 6.1        ; x86_64         ;
; Partition Merge           ; MONROE           ; Windows 7 ; 6.1        ; x86_64         ;
; Fitter                    ; MONROE           ; Windows 7 ; 6.1        ; x86_64         ;
; Assembler                 ; MONROE           ; Windows 7 ; 6.1        ; x86_64         ;
; TimeQuest Timing Analyzer ; MONROE           ; Windows 7 ; 6.1        ; x86_64         ;
; Analysis & Synthesis      ; MONROE           ; Windows 7 ; 6.1        ; x86_64         ;
; Partition Merge           ; MONROE           ; Windows 7 ; 6.1        ; x86_64         ;
; Fitter                    ; MONROE           ; Windows 7 ; 6.1        ; x86_64         ;
; Assembler                 ; MONROE           ; Windows 7 ; 6.1        ; x86_64         ;
; TimeQuest Timing Analyzer ; MONROE           ; Windows 7 ; 6.1        ; x86_64         ;
; Analysis & Synthesis      ; MONROE           ; Windows 7 ; 6.1        ; x86_64         ;
; Partition Merge           ; MONROE           ; Windows 7 ; 6.1        ; x86_64         ;
; Fitter                    ; MONROE           ; Windows 7 ; 6.1        ; x86_64         ;
; Assembler                 ; MONROE           ; Windows 7 ; 6.1        ; x86_64         ;
; TimeQuest Timing Analyzer ; MONROE           ; Windows 7 ; 6.1        ; x86_64         ;
; Analysis & Synthesis      ; MONROE           ; Windows 7 ; 6.1        ; x86_64         ;
; Partition Merge           ; MONROE           ; Windows 7 ; 6.1        ; x86_64         ;
; Fitter                    ; MONROE           ; Windows 7 ; 6.1        ; x86_64         ;
; Assembler                 ; MONROE           ; Windows 7 ; 6.1        ; x86_64         ;
; TimeQuest Timing Analyzer ; MONROE           ; Windows 7 ; 6.1        ; x86_64         ;
; Analysis & Synthesis      ; MONROE           ; Windows 7 ; 6.1        ; x86_64         ;
; Partition Merge           ; MONROE           ; Windows 7 ; 6.1        ; x86_64         ;
; Fitter                    ; MONROE           ; Windows 7 ; 6.1        ; x86_64         ;
; Assembler                 ; MONROE           ; Windows 7 ; 6.1        ; x86_64         ;
; TimeQuest Timing Analyzer ; MONROE           ; Windows 7 ; 6.1        ; x86_64         ;
; Analysis & Synthesis      ; MONROE           ; Windows 7 ; 6.1        ; x86_64         ;
; Partition Merge           ; MONROE           ; Windows 7 ; 6.1        ; x86_64         ;
; Fitter                    ; MONROE           ; Windows 7 ; 6.1        ; x86_64         ;
; Assembler                 ; MONROE           ; Windows 7 ; 6.1        ; x86_64         ;
; TimeQuest Timing Analyzer ; MONROE           ; Windows 7 ; 6.1        ; x86_64         ;
; Analysis & Synthesis      ; MONROE           ; Windows 7 ; 6.1        ; x86_64         ;
; Analysis & Synthesis      ; MONROE           ; Windows 7 ; 6.1        ; x86_64         ;
; Analysis & Synthesis      ; MONROE           ; Windows 7 ; 6.1        ; x86_64         ;
; Analysis & Synthesis      ; MONROE           ; Windows 7 ; 6.1        ; x86_64         ;
; Analysis & Synthesis      ; MONROE           ; Windows 7 ; 6.1        ; x86_64         ;
; Partition Merge           ; MONROE           ; Windows 7 ; 6.1        ; x86_64         ;
; Fitter                    ; MONROE           ; Windows 7 ; 6.1        ; x86_64         ;
; Assembler                 ; MONROE           ; Windows 7 ; 6.1        ; x86_64         ;
; TimeQuest Timing Analyzer ; MONROE           ; Windows 7 ; 6.1        ; x86_64         ;
; Analysis & Synthesis      ; ADAMS2           ; Windows 7 ; 6.1        ; x86_64         ;
; Partition Merge           ; ADAMS2           ; Windows 7 ; 6.1        ; x86_64         ;
; Fitter                    ; ADAMS2           ; Windows 7 ; 6.1        ; x86_64         ;
; Assembler                 ; ADAMS2           ; Windows 7 ; 6.1        ; x86_64         ;
; TimeQuest Timing Analyzer ; ADAMS2           ; Windows 7 ; 6.1        ; x86_64         ;
; Analysis & Synthesis      ; ADAMS2           ; Windows 7 ; 6.1        ; x86_64         ;
; Partition Merge           ; ADAMS2           ; Windows 7 ; 6.1        ; x86_64         ;
; Fitter                    ; ADAMS2           ; Windows 7 ; 6.1        ; x86_64         ;
; Assembler                 ; ADAMS2           ; Windows 7 ; 6.1        ; x86_64         ;
; TimeQuest Timing Analyzer ; ADAMS2           ; Windows 7 ; 6.1        ; x86_64         ;
; Analysis & Synthesis      ; MONROE           ; Windows 7 ; 6.1        ; x86_64         ;
; Analysis & Synthesis      ; MONROE           ; Windows 7 ; 6.1        ; x86_64         ;
; Analysis & Synthesis      ; MONROE           ; Windows 7 ; 6.1        ; x86_64         ;
; Analysis & Synthesis      ; MONROE           ; Windows 7 ; 6.1        ; x86_64         ;
; Analysis & Synthesis      ; MONROE           ; Windows 7 ; 6.1        ; x86_64         ;
; Analysis & Synthesis      ; MONROE           ; Windows 7 ; 6.1        ; x86_64         ;
; Analysis & Synthesis      ; MONROE           ; Windows 7 ; 6.1        ; x86_64         ;
; Analysis & Synthesis      ; MONROE           ; Windows 7 ; 6.1        ; x86_64         ;
; Analysis & Synthesis      ; MONROE           ; Windows 7 ; 6.1        ; x86_64         ;
; Analysis & Synthesis      ; MONROE           ; Windows 7 ; 6.1        ; x86_64         ;
; Analysis & Synthesis      ; MONROE           ; Windows 7 ; 6.1        ; x86_64         ;
; Analysis & Synthesis      ; MONROE           ; Windows 7 ; 6.1        ; x86_64         ;
; Analysis & Synthesis      ; MONROE           ; Windows 7 ; 6.1        ; x86_64         ;
; Partition Merge           ; MONROE           ; Windows 7 ; 6.1        ; x86_64         ;
; Fitter                    ; MONROE           ; Windows 7 ; 6.1        ; x86_64         ;
; Assembler                 ; MONROE           ; Windows 7 ; 6.1        ; x86_64         ;
; TimeQuest Timing Analyzer ; MONROE           ; Windows 7 ; 6.1        ; x86_64         ;
; Analysis & Synthesis      ; MONROE           ; Windows 7 ; 6.1        ; x86_64         ;
; Analysis & Synthesis      ; MONROE           ; Windows 7 ; 6.1        ; x86_64         ;
; Partition Merge           ; MONROE           ; Windows 7 ; 6.1        ; x86_64         ;
; Fitter                    ; MONROE           ; Windows 7 ; 6.1        ; x86_64         ;
; Assembler                 ; MONROE           ; Windows 7 ; 6.1        ; x86_64         ;
; TimeQuest Timing Analyzer ; MONROE           ; Windows 7 ; 6.1        ; x86_64         ;
; Analysis & Synthesis      ; MONROE           ; Windows 7 ; 6.1        ; x86_64         ;
; Partition Merge           ; MONROE           ; Windows 7 ; 6.1        ; x86_64         ;
; Fitter                    ; MONROE           ; Windows 7 ; 6.1        ; x86_64         ;
; Assembler                 ; MONROE           ; Windows 7 ; 6.1        ; x86_64         ;
; TimeQuest Timing Analyzer ; MONROE           ; Windows 7 ; 6.1        ; x86_64         ;
; Analysis & Synthesis      ; MONROE           ; Windows 7 ; 6.1        ; x86_64         ;
; Partition Merge           ; MONROE           ; Windows 7 ; 6.1        ; x86_64         ;
; Fitter                    ; MONROE           ; Windows 7 ; 6.1        ; x86_64         ;
; Assembler                 ; MONROE           ; Windows 7 ; 6.1        ; x86_64         ;
; TimeQuest Timing Analyzer ; MONROE           ; Windows 7 ; 6.1        ; x86_64         ;
; Analysis & Synthesis      ; MONROE           ; Windows 7 ; 6.1        ; x86_64         ;
; Analysis & Synthesis      ; MONROE           ; Windows 7 ; 6.1        ; x86_64         ;
; Analysis & Synthesis      ; MONROE           ; Windows 7 ; 6.1        ; x86_64         ;
; Analysis & Synthesis      ; MONROE           ; Windows 7 ; 6.1        ; x86_64         ;
; Partition Merge           ; MONROE           ; Windows 7 ; 6.1        ; x86_64         ;
; Fitter                    ; MONROE           ; Windows 7 ; 6.1        ; x86_64         ;
; Assembler                 ; MONROE           ; Windows 7 ; 6.1        ; x86_64         ;
; TimeQuest Timing Analyzer ; MONROE           ; Windows 7 ; 6.1        ; x86_64         ;
; Analysis & Synthesis      ; MONROE           ; Windows 7 ; 6.1        ; x86_64         ;
; Analysis & Synthesis      ; MONROE           ; Windows 7 ; 6.1        ; x86_64         ;
; Partition Merge           ; MONROE           ; Windows 7 ; 6.1        ; x86_64         ;
; Fitter                    ; MONROE           ; Windows 7 ; 6.1        ; x86_64         ;
; Assembler                 ; MONROE           ; Windows 7 ; 6.1        ; x86_64         ;
; TimeQuest Timing Analyzer ; MONROE           ; Windows 7 ; 6.1        ; x86_64         ;
; Analysis & Synthesis      ; MONROE           ; Windows 7 ; 6.1        ; x86_64         ;
; Analysis & Synthesis      ; MONROE           ; Windows 7 ; 6.1        ; x86_64         ;
; Partition Merge           ; MONROE           ; Windows 7 ; 6.1        ; x86_64         ;
; Fitter                    ; MONROE           ; Windows 7 ; 6.1        ; x86_64         ;
; Assembler                 ; MONROE           ; Windows 7 ; 6.1        ; x86_64         ;
; TimeQuest Timing Analyzer ; MONROE           ; Windows 7 ; 6.1        ; x86_64         ;
; Analysis & Synthesis      ; MONROE           ; Windows 7 ; 6.1        ; x86_64         ;
; Partition Merge           ; MONROE           ; Windows 7 ; 6.1        ; x86_64         ;
; Fitter                    ; MONROE           ; Windows 7 ; 6.1        ; x86_64         ;
; Assembler                 ; MONROE           ; Windows 7 ; 6.1        ; x86_64         ;
; TimeQuest Timing Analyzer ; MONROE           ; Windows 7 ; 6.1        ; x86_64         ;
; Analysis & Synthesis      ; MONROE           ; Windows 7 ; 6.1        ; x86_64         ;
; Partition Merge           ; MONROE           ; Windows 7 ; 6.1        ; x86_64         ;
; Fitter                    ; MONROE           ; Windows 7 ; 6.1        ; x86_64         ;
; Assembler                 ; MONROE           ; Windows 7 ; 6.1        ; x86_64         ;
; TimeQuest Timing Analyzer ; MONROE           ; Windows 7 ; 6.1        ; x86_64         ;
; Analysis & Synthesis      ; MONROE           ; Windows 7 ; 6.1        ; x86_64         ;
; Partition Merge           ; MONROE           ; Windows 7 ; 6.1        ; x86_64         ;
; Fitter                    ; MONROE           ; Windows 7 ; 6.1        ; x86_64         ;
; Assembler                 ; MONROE           ; Windows 7 ; 6.1        ; x86_64         ;
; TimeQuest Timing Analyzer ; MONROE           ; Windows 7 ; 6.1        ; x86_64         ;
; Analysis & Synthesis      ; MONROE           ; Windows 7 ; 6.1        ; x86_64         ;
; Analysis & Synthesis      ; MONROE           ; Windows 7 ; 6.1        ; x86_64         ;
; Analysis & Synthesis      ; MONROE           ; Windows 7 ; 6.1        ; x86_64         ;
; Partition Merge           ; MONROE           ; Windows 7 ; 6.1        ; x86_64         ;
; Fitter                    ; MONROE           ; Windows 7 ; 6.1        ; x86_64         ;
; Assembler                 ; MONROE           ; Windows 7 ; 6.1        ; x86_64         ;
; TimeQuest Timing Analyzer ; MONROE           ; Windows 7 ; 6.1        ; x86_64         ;
; Analysis & Synthesis      ; MONROE           ; Windows 7 ; 6.1        ; x86_64         ;
; Partition Merge           ; MONROE           ; Windows 7 ; 6.1        ; x86_64         ;
; Fitter                    ; MONROE           ; Windows 7 ; 6.1        ; x86_64         ;
; Assembler                 ; MONROE           ; Windows 7 ; 6.1        ; x86_64         ;
; TimeQuest Timing Analyzer ; MONROE           ; Windows 7 ; 6.1        ; x86_64         ;
; Analysis & Synthesis      ; MONROE           ; Windows 7 ; 6.1        ; x86_64         ;
; Partition Merge           ; MONROE           ; Windows 7 ; 6.1        ; x86_64         ;
; Fitter                    ; MONROE           ; Windows 7 ; 6.1        ; x86_64         ;
; Assembler                 ; MONROE           ; Windows 7 ; 6.1        ; x86_64         ;
; TimeQuest Timing Analyzer ; MONROE           ; Windows 7 ; 6.1        ; x86_64         ;
; Analysis & Synthesis      ; MONROE           ; Windows 7 ; 6.1        ; x86_64         ;
; Partition Merge           ; MONROE           ; Windows 7 ; 6.1        ; x86_64         ;
; Fitter                    ; MONROE           ; Windows 7 ; 6.1        ; x86_64         ;
; Assembler                 ; MONROE           ; Windows 7 ; 6.1        ; x86_64         ;
; TimeQuest Timing Analyzer ; MONROE           ; Windows 7 ; 6.1        ; x86_64         ;
; Analysis & Synthesis      ; MONROE           ; Windows 7 ; 6.1        ; x86_64         ;
; Partition Merge           ; MONROE           ; Windows 7 ; 6.1        ; x86_64         ;
; Fitter                    ; MONROE           ; Windows 7 ; 6.1        ; x86_64         ;
; Assembler                 ; MONROE           ; Windows 7 ; 6.1        ; x86_64         ;
; TimeQuest Timing Analyzer ; MONROE           ; Windows 7 ; 6.1        ; x86_64         ;
; Analysis & Synthesis      ; MONROE           ; Windows 7 ; 6.1        ; x86_64         ;
; Partition Merge           ; MONROE           ; Windows 7 ; 6.1        ; x86_64         ;
; Fitter                    ; MONROE           ; Windows 7 ; 6.1        ; x86_64         ;
; Assembler                 ; MONROE           ; Windows 7 ; 6.1        ; x86_64         ;
; TimeQuest Timing Analyzer ; MONROE           ; Windows 7 ; 6.1        ; x86_64         ;
; Analysis & Synthesis      ; MONROE           ; Windows 7 ; 6.1        ; x86_64         ;
; Partition Merge           ; MONROE           ; Windows 7 ; 6.1        ; x86_64         ;
; Fitter                    ; MONROE           ; Windows 7 ; 6.1        ; x86_64         ;
; Assembler                 ; MONROE           ; Windows 7 ; 6.1        ; x86_64         ;
; TimeQuest Timing Analyzer ; MONROE           ; Windows 7 ; 6.1        ; x86_64         ;
; Analysis & Synthesis      ; MONROE           ; Windows 7 ; 6.1        ; x86_64         ;
; Partition Merge           ; MONROE           ; Windows 7 ; 6.1        ; x86_64         ;
; Fitter                    ; MONROE           ; Windows 7 ; 6.1        ; x86_64         ;
; Assembler                 ; MONROE           ; Windows 7 ; 6.1        ; x86_64         ;
; TimeQuest Timing Analyzer ; MONROE           ; Windows 7 ; 6.1        ; x86_64         ;
; Analysis & Synthesis      ; MONROE           ; Windows 7 ; 6.1        ; x86_64         ;
; Partition Merge           ; MONROE           ; Windows 7 ; 6.1        ; x86_64         ;
; Fitter                    ; MONROE           ; Windows 7 ; 6.1        ; x86_64         ;
; Assembler                 ; MONROE           ; Windows 7 ; 6.1        ; x86_64         ;
; TimeQuest Timing Analyzer ; MONROE           ; Windows 7 ; 6.1        ; x86_64         ;
; Analysis & Synthesis      ; MONROE           ; Windows 7 ; 6.1        ; x86_64         ;
; Partition Merge           ; MONROE           ; Windows 7 ; 6.1        ; x86_64         ;
; Fitter                    ; MONROE           ; Windows 7 ; 6.1        ; x86_64         ;
; Assembler                 ; MONROE           ; Windows 7 ; 6.1        ; x86_64         ;
; TimeQuest Timing Analyzer ; MONROE           ; Windows 7 ; 6.1        ; x86_64         ;
; Analysis & Synthesis      ; MONROE           ; Windows 7 ; 6.1        ; x86_64         ;
; Partition Merge           ; MONROE           ; Windows 7 ; 6.1        ; x86_64         ;
; Fitter                    ; MONROE           ; Windows 7 ; 6.1        ; x86_64         ;
; Assembler                 ; MONROE           ; Windows 7 ; 6.1        ; x86_64         ;
; TimeQuest Timing Analyzer ; MONROE           ; Windows 7 ; 6.1        ; x86_64         ;
; Analysis & Synthesis      ; MONROE           ; Windows 7 ; 6.1        ; x86_64         ;
; Analysis & Synthesis      ; MONROE           ; Windows 7 ; 6.1        ; x86_64         ;
; Partition Merge           ; MONROE           ; Windows 7 ; 6.1        ; x86_64         ;
; Fitter                    ; MONROE           ; Windows 7 ; 6.1        ; x86_64         ;
; Assembler                 ; MONROE           ; Windows 7 ; 6.1        ; x86_64         ;
; TimeQuest Timing Analyzer ; MONROE           ; Windows 7 ; 6.1        ; x86_64         ;
; Analysis & Synthesis      ; MONROE           ; Windows 7 ; 6.1        ; x86_64         ;
; Analysis & Synthesis      ; MONROE           ; Windows 7 ; 6.1        ; x86_64         ;
; Analysis & Synthesis      ; MONROE           ; Windows 7 ; 6.1        ; x86_64         ;
; Analysis & Synthesis      ; MONROE           ; Windows 7 ; 6.1        ; x86_64         ;
; Analysis & Synthesis      ; MONROE           ; Windows 7 ; 6.1        ; x86_64         ;
; Partition Merge           ; MONROE           ; Windows 7 ; 6.1        ; x86_64         ;
; Fitter                    ; MONROE           ; Windows 7 ; 6.1        ; x86_64         ;
; Assembler                 ; MONROE           ; Windows 7 ; 6.1        ; x86_64         ;
; TimeQuest Timing Analyzer ; MONROE           ; Windows 7 ; 6.1        ; x86_64         ;
; Analysis & Synthesis      ; MONROE           ; Windows 7 ; 6.1        ; x86_64         ;
; Analysis & Synthesis      ; MONROE           ; Windows 7 ; 6.1        ; x86_64         ;
; Analysis & Synthesis      ; MONROE           ; Windows 7 ; 6.1        ; x86_64         ;
; Partition Merge           ; MONROE           ; Windows 7 ; 6.1        ; x86_64         ;
; Fitter                    ; MONROE           ; Windows 7 ; 6.1        ; x86_64         ;
; Assembler                 ; MONROE           ; Windows 7 ; 6.1        ; x86_64         ;
; TimeQuest Timing Analyzer ; MONROE           ; Windows 7 ; 6.1        ; x86_64         ;
; Analysis & Synthesis      ; MONROE           ; Windows 7 ; 6.1        ; x86_64         ;
; Partition Merge           ; MONROE           ; Windows 7 ; 6.1        ; x86_64         ;
; Fitter                    ; MONROE           ; Windows 7 ; 6.1        ; x86_64         ;
; Assembler                 ; MONROE           ; Windows 7 ; 6.1        ; x86_64         ;
; TimeQuest Timing Analyzer ; MONROE           ; Windows 7 ; 6.1        ; x86_64         ;
; Analysis & Synthesis      ; MONROE           ; Windows 7 ; 6.1        ; x86_64         ;
; Partition Merge           ; MONROE           ; Windows 7 ; 6.1        ; x86_64         ;
; Fitter                    ; MONROE           ; Windows 7 ; 6.1        ; x86_64         ;
; Assembler                 ; MONROE           ; Windows 7 ; 6.1        ; x86_64         ;
; TimeQuest Timing Analyzer ; MONROE           ; Windows 7 ; 6.1        ; x86_64         ;
; Analysis & Synthesis      ; MONROE           ; Windows 7 ; 6.1        ; x86_64         ;
; Partition Merge           ; MONROE           ; Windows 7 ; 6.1        ; x86_64         ;
; Fitter                    ; MONROE           ; Windows 7 ; 6.1        ; x86_64         ;
; Assembler                 ; MONROE           ; Windows 7 ; 6.1        ; x86_64         ;
; TimeQuest Timing Analyzer ; MONROE           ; Windows 7 ; 6.1        ; x86_64         ;
; Analysis & Synthesis      ; MONROE           ; Windows 7 ; 6.1        ; x86_64         ;
; Partition Merge           ; MONROE           ; Windows 7 ; 6.1        ; x86_64         ;
; Fitter                    ; MONROE           ; Windows 7 ; 6.1        ; x86_64         ;
; Assembler                 ; MONROE           ; Windows 7 ; 6.1        ; x86_64         ;
; TimeQuest Timing Analyzer ; MONROE           ; Windows 7 ; 6.1        ; x86_64         ;
; Analysis & Synthesis      ; MONROE           ; Windows 7 ; 6.1        ; x86_64         ;
; Partition Merge           ; MONROE           ; Windows 7 ; 6.1        ; x86_64         ;
; Fitter                    ; MONROE           ; Windows 7 ; 6.1        ; x86_64         ;
; Assembler                 ; MONROE           ; Windows 7 ; 6.1        ; x86_64         ;
; TimeQuest Timing Analyzer ; MONROE           ; Windows 7 ; 6.1        ; x86_64         ;
; Analysis & Synthesis      ; MONROE           ; Windows 7 ; 6.1        ; x86_64         ;
; Partition Merge           ; MONROE           ; Windows 7 ; 6.1        ; x86_64         ;
; Fitter                    ; MONROE           ; Windows 7 ; 6.1        ; x86_64         ;
; Assembler                 ; MONROE           ; Windows 7 ; 6.1        ; x86_64         ;
; TimeQuest Timing Analyzer ; MONROE           ; Windows 7 ; 6.1        ; x86_64         ;
; Analysis & Synthesis      ; MONROE           ; Windows 7 ; 6.1        ; x86_64         ;
; Partition Merge           ; MONROE           ; Windows 7 ; 6.1        ; x86_64         ;
; Fitter                    ; MONROE           ; Windows 7 ; 6.1        ; x86_64         ;
; Assembler                 ; MONROE           ; Windows 7 ; 6.1        ; x86_64         ;
; TimeQuest Timing Analyzer ; MONROE           ; Windows 7 ; 6.1        ; x86_64         ;
+---------------------------+------------------+-----------+------------+----------------+


------------
; Flow Log ;
------------
quartus_map --read_settings_files=on --write_settings_files=off Generic_ALU -c Generic_ALU
quartus_cdb --read_settings_files=off --write_settings_files=off Generic_ALU -c Generic_ALU --merge=on
quartus_fit --read_settings_files=off --write_settings_files=off Generic_ALU -c Generic_ALU
quartus_asm --read_settings_files=off --write_settings_files=off Generic_ALU -c Generic_ALU
quartus_sta Generic_ALU -c Generic_ALU
quartus_map --read_settings_files=on --write_settings_files=off Generic_ALU -c Generic_ALU
quartus_cdb --read_settings_files=off --write_settings_files=off Generic_ALU -c Generic_ALU --merge=on
quartus_fit --read_settings_files=off --write_settings_files=off Generic_ALU -c Generic_ALU
quartus_asm --read_settings_files=off --write_settings_files=off Generic_ALU -c Generic_ALU
quartus_sta Generic_ALU -c Generic_ALU
quartus_map --read_settings_files=on --write_settings_files=off Generic_ALU -c Generic_ALU
quartus_cdb --read_settings_files=off --write_settings_files=off Generic_ALU -c Generic_ALU --merge=on
quartus_fit --read_settings_files=off --write_settings_files=off Generic_ALU -c Generic_ALU
quartus_asm --read_settings_files=off --write_settings_files=off Generic_ALU -c Generic_ALU
quartus_sta Generic_ALU -c Generic_ALU
quartus_map --read_settings_files=on --write_settings_files=off Generic_ALU -c Generic_ALU
quartus_map --read_settings_files=on --write_settings_files=off Generic_ALU -c Generic_ALU
quartus_map --read_settings_files=on --write_settings_files=off Generic_ALU -c Generic_ALU
quartus_map --read_settings_files=on --write_settings_files=off Generic_ALU -c Generic_ALU
quartus_cdb --read_settings_files=off --write_settings_files=off Generic_ALU -c Generic_ALU --merge=on
quartus_fit --read_settings_files=off --write_settings_files=off Generic_ALU -c Generic_ALU
quartus_asm --read_settings_files=off --write_settings_files=off Generic_ALU -c Generic_ALU
quartus_sta Generic_ALU -c Generic_ALU
quartus_map --read_settings_files=on --write_settings_files=off Generic_ALU -c Generic_ALU
quartus_cdb --read_settings_files=off --write_settings_files=off Generic_ALU -c Generic_ALU --merge=on
quartus_fit --read_settings_files=off --write_settings_files=off Generic_ALU -c Generic_ALU
quartus_asm --read_settings_files=off --write_settings_files=off Generic_ALU -c Generic_ALU
quartus_sta Generic_ALU -c Generic_ALU
quartus_map --read_settings_files=on --write_settings_files=off Generic_ALU -c Generic_ALU
quartus_cdb --read_settings_files=off --write_settings_files=off Generic_ALU -c Generic_ALU --merge=on
quartus_fit --read_settings_files=off --write_settings_files=off Generic_ALU -c Generic_ALU
quartus_asm --read_settings_files=off --write_settings_files=off Generic_ALU -c Generic_ALU
quartus_sta Generic_ALU -c Generic_ALU
quartus_map --read_settings_files=on --write_settings_files=off Generic_ALU -c Generic_ALU
quartus_cdb --read_settings_files=off --write_settings_files=off Generic_ALU -c Generic_ALU --merge=on
quartus_fit --read_settings_files=off --write_settings_files=off Generic_ALU -c Generic_ALU
quartus_asm --read_settings_files=off --write_settings_files=off Generic_ALU -c Generic_ALU
quartus_sta Generic_ALU -c Generic_ALU
quartus_map --read_settings_files=on --write_settings_files=off Generic_ALU -c Generic_ALU
quartus_cdb --read_settings_files=off --write_settings_files=off Generic_ALU -c Generic_ALU --merge=on
quartus_fit --read_settings_files=off --write_settings_files=off Generic_ALU -c Generic_ALU
quartus_asm --read_settings_files=off --write_settings_files=off Generic_ALU -c Generic_ALU
quartus_sta Generic_ALU -c Generic_ALU
quartus_map --read_settings_files=on --write_settings_files=off Generic_ALU -c Generic_ALU
quartus_cdb --read_settings_files=off --write_settings_files=off Generic_ALU -c Generic_ALU --merge=on
quartus_fit --read_settings_files=off --write_settings_files=off Generic_ALU -c Generic_ALU
quartus_asm --read_settings_files=off --write_settings_files=off Generic_ALU -c Generic_ALU
quartus_sta Generic_ALU -c Generic_ALU
quartus_map --read_settings_files=on --write_settings_files=off Generic_ALU -c Generic_ALU
quartus_cdb --read_settings_files=off --write_settings_files=off Generic_ALU -c Generic_ALU --merge=on
quartus_fit --read_settings_files=off --write_settings_files=off Generic_ALU -c Generic_ALU
quartus_asm --read_settings_files=off --write_settings_files=off Generic_ALU -c Generic_ALU
quartus_sta Generic_ALU -c Generic_ALU
quartus_map --read_settings_files=on --write_settings_files=off Generic_ALU -c Generic_ALU
quartus_map --read_settings_files=on --write_settings_files=off Generic_ALU -c Generic_ALU
quartus_map --read_settings_files=on --write_settings_files=off Generic_ALU -c Generic_ALU
quartus_map --read_settings_files=on --write_settings_files=off Generic_ALU -c Generic_ALU
quartus_map --read_settings_files=on --write_settings_files=off Generic_ALU -c Generic_ALU
quartus_cdb --read_settings_files=off --write_settings_files=off Generic_ALU -c Generic_ALU --merge=on
quartus_fit --read_settings_files=off --write_settings_files=off Generic_ALU -c Generic_ALU
quartus_asm --read_settings_files=off --write_settings_files=off Generic_ALU -c Generic_ALU
quartus_sta Generic_ALU -c Generic_ALU
quartus_map --read_settings_files=on --write_settings_files=off Generic_ALU -c Generic_ALU
quartus_cdb --read_settings_files=off --write_settings_files=off Generic_ALU -c Generic_ALU --merge=on
quartus_fit --read_settings_files=off --write_settings_files=off Generic_ALU -c Generic_ALU
quartus_asm --read_settings_files=off --write_settings_files=off Generic_ALU -c Generic_ALU
quartus_sta Generic_ALU -c Generic_ALU
quartus_map --read_settings_files=on --write_settings_files=off Generic_ALU -c Generic_ALU
quartus_cdb --read_settings_files=off --write_settings_files=off Generic_ALU -c Generic_ALU --merge=on
quartus_fit --read_settings_files=off --write_settings_files=off Generic_ALU -c Generic_ALU
quartus_asm --read_settings_files=off --write_settings_files=off Generic_ALU -c Generic_ALU
quartus_sta Generic_ALU -c Generic_ALU
quartus_map --read_settings_files=on --write_settings_files=off Generic_ALU -c Generic_ALU
quartus_map --read_settings_files=on --write_settings_files=off Generic_ALU -c Generic_ALU
quartus_map --read_settings_files=on --write_settings_files=off Generic_ALU -c Generic_ALU
quartus_map --read_settings_files=on --write_settings_files=off Generic_ALU -c Generic_ALU
quartus_map --read_settings_files=on --write_settings_files=off Generic_ALU -c Generic_ALU
quartus_map --read_settings_files=on --write_settings_files=off Generic_ALU -c Generic_ALU
quartus_map --read_settings_files=on --write_settings_files=off Generic_ALU -c Generic_ALU
quartus_map --read_settings_files=on --write_settings_files=off Generic_ALU -c Generic_ALU
quartus_map --read_settings_files=on --write_settings_files=off Generic_ALU -c Generic_ALU
quartus_map --read_settings_files=on --write_settings_files=off Generic_ALU -c Generic_ALU
quartus_map --read_settings_files=on --write_settings_files=off Generic_ALU -c Generic_ALU
quartus_map --read_settings_files=on --write_settings_files=off Generic_ALU -c Generic_ALU
quartus_map --read_settings_files=on --write_settings_files=off Generic_ALU -c Generic_ALU
quartus_cdb --read_settings_files=off --write_settings_files=off Generic_ALU -c Generic_ALU --merge=on
quartus_fit --read_settings_files=off --write_settings_files=off Generic_ALU -c Generic_ALU
quartus_asm --read_settings_files=off --write_settings_files=off Generic_ALU -c Generic_ALU
quartus_sta Generic_ALU -c Generic_ALU
quartus_map --read_settings_files=on --write_settings_files=off Generic_ALU -c Generic_ALU
quartus_map --read_settings_files=on --write_settings_files=off Generic_ALU -c Generic_ALU
quartus_cdb --read_settings_files=off --write_settings_files=off Generic_ALU -c Generic_ALU --merge=on
quartus_fit --read_settings_files=off --write_settings_files=off Generic_ALU -c Generic_ALU
quartus_asm --read_settings_files=off --write_settings_files=off Generic_ALU -c Generic_ALU
quartus_sta Generic_ALU -c Generic_ALU
quartus_map --read_settings_files=on --write_settings_files=off Generic_ALU -c Generic_ALU
quartus_cdb --read_settings_files=off --write_settings_files=off Generic_ALU -c Generic_ALU --merge=on
quartus_fit --read_settings_files=off --write_settings_files=off Generic_ALU -c Generic_ALU
quartus_asm --read_settings_files=off --write_settings_files=off Generic_ALU -c Generic_ALU
quartus_sta Generic_ALU -c Generic_ALU
quartus_map --read_settings_files=on --write_settings_files=off Generic_ALU -c Generic_ALU
quartus_cdb --read_settings_files=off --write_settings_files=off Generic_ALU -c Generic_ALU --merge=on
quartus_fit --read_settings_files=off --write_settings_files=off Generic_ALU -c Generic_ALU
quartus_asm --read_settings_files=off --write_settings_files=off Generic_ALU -c Generic_ALU
quartus_sta Generic_ALU -c Generic_ALU
quartus_map --read_settings_files=on --write_settings_files=off Generic_ALU -c Generic_ALU
quartus_map --read_settings_files=on --write_settings_files=off Generic_ALU -c Generic_ALU
quartus_map --read_settings_files=on --write_settings_files=off Generic_ALU -c Generic_ALU
quartus_map --read_settings_files=on --write_settings_files=off Generic_ALU -c Generic_ALU
quartus_cdb --read_settings_files=off --write_settings_files=off Generic_ALU -c Generic_ALU --merge=on
quartus_fit --read_settings_files=off --write_settings_files=off Generic_ALU -c Generic_ALU
quartus_asm --read_settings_files=off --write_settings_files=off Generic_ALU -c Generic_ALU
quartus_sta Generic_ALU -c Generic_ALU
quartus_map --read_settings_files=on --write_settings_files=off Generic_ALU -c Generic_ALU
quartus_map --read_settings_files=on --write_settings_files=off Generic_ALU -c Generic_ALU
quartus_cdb --read_settings_files=off --write_settings_files=off Generic_ALU -c Generic_ALU --merge=on
quartus_fit --read_settings_files=off --write_settings_files=off Generic_ALU -c Generic_ALU
quartus_asm --read_settings_files=off --write_settings_files=off Generic_ALU -c Generic_ALU
quartus_sta Generic_ALU -c Generic_ALU
quartus_map --read_settings_files=on --write_settings_files=off Generic_ALU -c Generic_ALU
quartus_map --read_settings_files=on --write_settings_files=off Generic_ALU -c Generic_ALU
quartus_cdb --read_settings_files=off --write_settings_files=off Generic_ALU -c Generic_ALU --merge=on
quartus_fit --read_settings_files=off --write_settings_files=off Generic_ALU -c Generic_ALU
quartus_asm --read_settings_files=off --write_settings_files=off Generic_ALU -c Generic_ALU
quartus_sta Generic_ALU -c Generic_ALU
quartus_map --read_settings_files=on --write_settings_files=off Generic_ALU -c Generic_ALU
quartus_cdb --read_settings_files=off --write_settings_files=off Generic_ALU -c Generic_ALU --merge=on
quartus_fit --read_settings_files=off --write_settings_files=off Generic_ALU -c Generic_ALU
quartus_asm --read_settings_files=off --write_settings_files=off Generic_ALU -c Generic_ALU
quartus_sta Generic_ALU -c Generic_ALU
quartus_map --read_settings_files=on --write_settings_files=off Generic_ALU -c Generic_ALU
quartus_cdb --read_settings_files=off --write_settings_files=off Generic_ALU -c Generic_ALU --merge=on
quartus_fit --read_settings_files=off --write_settings_files=off Generic_ALU -c Generic_ALU
quartus_asm --read_settings_files=off --write_settings_files=off Generic_ALU -c Generic_ALU
quartus_sta Generic_ALU -c Generic_ALU
quartus_map --read_settings_files=on --write_settings_files=off Generic_ALU -c Generic_ALU
quartus_cdb --read_settings_files=off --write_settings_files=off Generic_ALU -c Generic_ALU --merge=on
quartus_fit --read_settings_files=off --write_settings_files=off Generic_ALU -c Generic_ALU
quartus_asm --read_settings_files=off --write_settings_files=off Generic_ALU -c Generic_ALU
quartus_sta Generic_ALU -c Generic_ALU
quartus_map --read_settings_files=on --write_settings_files=off Generic_ALU -c Generic_ALU
quartus_map --read_settings_files=on --write_settings_files=off Generic_ALU -c Generic_ALU
quartus_map --read_settings_files=on --write_settings_files=off Generic_ALU -c Generic_ALU
quartus_cdb --read_settings_files=off --write_settings_files=off Generic_ALU -c Generic_ALU --merge=on
quartus_fit --read_settings_files=off --write_settings_files=off Generic_ALU -c Generic_ALU
quartus_asm --read_settings_files=off --write_settings_files=off Generic_ALU -c Generic_ALU
quartus_sta Generic_ALU -c Generic_ALU
quartus_map --read_settings_files=on --write_settings_files=off Generic_ALU -c Generic_ALU
quartus_cdb --read_settings_files=off --write_settings_files=off Generic_ALU -c Generic_ALU --merge=on
quartus_fit --read_settings_files=off --write_settings_files=off Generic_ALU -c Generic_ALU
quartus_asm --read_settings_files=off --write_settings_files=off Generic_ALU -c Generic_ALU
quartus_sta Generic_ALU -c Generic_ALU
quartus_map --read_settings_files=on --write_settings_files=off Generic_ALU -c Generic_ALU
quartus_cdb --read_settings_files=off --write_settings_files=off Generic_ALU -c Generic_ALU --merge=on
quartus_fit --read_settings_files=off --write_settings_files=off Generic_ALU -c Generic_ALU
quartus_asm --read_settings_files=off --write_settings_files=off Generic_ALU -c Generic_ALU
quartus_sta Generic_ALU -c Generic_ALU
quartus_map --read_settings_files=on --write_settings_files=off Generic_ALU -c Generic_ALU
quartus_cdb --read_settings_files=off --write_settings_files=off Generic_ALU -c Generic_ALU --merge=on
quartus_fit --read_settings_files=off --write_settings_files=off Generic_ALU -c Generic_ALU
quartus_asm --read_settings_files=off --write_settings_files=off Generic_ALU -c Generic_ALU
quartus_sta Generic_ALU -c Generic_ALU
quartus_map --read_settings_files=on --write_settings_files=off Generic_ALU -c Generic_ALU
quartus_cdb --read_settings_files=off --write_settings_files=off Generic_ALU -c Generic_ALU --merge=on
quartus_fit --read_settings_files=off --write_settings_files=off Generic_ALU -c Generic_ALU
quartus_asm --read_settings_files=off --write_settings_files=off Generic_ALU -c Generic_ALU
quartus_sta Generic_ALU -c Generic_ALU
quartus_map --read_settings_files=on --write_settings_files=off Generic_ALU -c Generic_ALU
quartus_cdb --read_settings_files=off --write_settings_files=off Generic_ALU -c Generic_ALU --merge=on
quartus_fit --read_settings_files=off --write_settings_files=off Generic_ALU -c Generic_ALU
quartus_asm --read_settings_files=off --write_settings_files=off Generic_ALU -c Generic_ALU
quartus_sta Generic_ALU -c Generic_ALU
quartus_map --read_settings_files=on --write_settings_files=off Generic_ALU -c Generic_ALU
quartus_cdb --read_settings_files=off --write_settings_files=off Generic_ALU -c Generic_ALU --merge=on
quartus_fit --read_settings_files=off --write_settings_files=off Generic_ALU -c Generic_ALU
quartus_asm --read_settings_files=off --write_settings_files=off Generic_ALU -c Generic_ALU
quartus_sta Generic_ALU -c Generic_ALU
quartus_map --read_settings_files=on --write_settings_files=off Generic_ALU -c Generic_ALU
quartus_cdb --read_settings_files=off --write_settings_files=off Generic_ALU -c Generic_ALU --merge=on
quartus_fit --read_settings_files=off --write_settings_files=off Generic_ALU -c Generic_ALU
quartus_asm --read_settings_files=off --write_settings_files=off Generic_ALU -c Generic_ALU
quartus_sta Generic_ALU -c Generic_ALU
quartus_map --read_settings_files=on --write_settings_files=off Generic_ALU -c Generic_ALU
quartus_cdb --read_settings_files=off --write_settings_files=off Generic_ALU -c Generic_ALU --merge=on
quartus_fit --read_settings_files=off --write_settings_files=off Generic_ALU -c Generic_ALU
quartus_asm --read_settings_files=off --write_settings_files=off Generic_ALU -c Generic_ALU
quartus_sta Generic_ALU -c Generic_ALU
quartus_map --read_settings_files=on --write_settings_files=off Generic_ALU -c Generic_ALU
quartus_cdb --read_settings_files=off --write_settings_files=off Generic_ALU -c Generic_ALU --merge=on
quartus_fit --read_settings_files=off --write_settings_files=off Generic_ALU -c Generic_ALU
quartus_asm --read_settings_files=off --write_settings_files=off Generic_ALU -c Generic_ALU
quartus_sta Generic_ALU -c Generic_ALU
quartus_map --read_settings_files=on --write_settings_files=off Generic_ALU -c Generic_ALU
quartus_cdb --read_settings_files=off --write_settings_files=off Generic_ALU -c Generic_ALU --merge=on
quartus_fit --read_settings_files=off --write_settings_files=off Generic_ALU -c Generic_ALU
quartus_asm --read_settings_files=off --write_settings_files=off Generic_ALU -c Generic_ALU
quartus_sta Generic_ALU -c Generic_ALU
quartus_map --read_settings_files=on --write_settings_files=off Generic_ALU -c Generic_ALU
quartus_map --read_settings_files=on --write_settings_files=off Generic_ALU -c Generic_ALU
quartus_cdb --read_settings_files=off --write_settings_files=off Generic_ALU -c Generic_ALU --merge=on
quartus_fit --read_settings_files=off --write_settings_files=off Generic_ALU -c Generic_ALU
quartus_asm --read_settings_files=off --write_settings_files=off Generic_ALU -c Generic_ALU
quartus_sta Generic_ALU -c Generic_ALU
quartus_map --read_settings_files=on --write_settings_files=off Generic_ALU -c Generic_ALU
quartus_map --read_settings_files=on --write_settings_files=off Generic_ALU -c Generic_ALU
quartus_map --read_settings_files=on --write_settings_files=off Generic_ALU -c Generic_ALU
quartus_map --read_settings_files=on --write_settings_files=off Generic_ALU -c Generic_ALU
quartus_map --read_settings_files=on --write_settings_files=off Generic_ALU -c Generic_ALU
quartus_cdb --read_settings_files=off --write_settings_files=off Generic_ALU -c Generic_ALU --merge=on
quartus_fit --read_settings_files=off --write_settings_files=off Generic_ALU -c Generic_ALU
quartus_asm --read_settings_files=off --write_settings_files=off Generic_ALU -c Generic_ALU
quartus_sta Generic_ALU -c Generic_ALU
quartus_map --read_settings_files=on --write_settings_files=off Generic_ALU -c Generic_ALU
quartus_map --read_settings_files=on --write_settings_files=off Generic_ALU -c Generic_ALU
quartus_map --read_settings_files=on --write_settings_files=off Generic_ALU -c Generic_ALU
quartus_cdb --read_settings_files=off --write_settings_files=off Generic_ALU -c Generic_ALU --merge=on
quartus_fit --read_settings_files=off --write_settings_files=off Generic_ALU -c Generic_ALU
quartus_asm --read_settings_files=off --write_settings_files=off Generic_ALU -c Generic_ALU
quartus_sta Generic_ALU -c Generic_ALU
quartus_map --read_settings_files=on --write_settings_files=off Generic_ALU -c Generic_ALU
quartus_cdb --read_settings_files=off --write_settings_files=off Generic_ALU -c Generic_ALU --merge=on
quartus_fit --read_settings_files=off --write_settings_files=off Generic_ALU -c Generic_ALU
quartus_asm --read_settings_files=off --write_settings_files=off Generic_ALU -c Generic_ALU
quartus_sta Generic_ALU -c Generic_ALU
quartus_map --read_settings_files=on --write_settings_files=off Generic_ALU -c Generic_ALU
quartus_cdb --read_settings_files=off --write_settings_files=off Generic_ALU -c Generic_ALU --merge=on
quartus_fit --read_settings_files=off --write_settings_files=off Generic_ALU -c Generic_ALU
quartus_asm --read_settings_files=off --write_settings_files=off Generic_ALU -c Generic_ALU
quartus_sta Generic_ALU -c Generic_ALU
quartus_map --read_settings_files=on --write_settings_files=off Generic_ALU -c Generic_ALU
quartus_cdb --read_settings_files=off --write_settings_files=off Generic_ALU -c Generic_ALU --merge=on
quartus_fit --read_settings_files=off --write_settings_files=off Generic_ALU -c Generic_ALU
quartus_asm --read_settings_files=off --write_settings_files=off Generic_ALU -c Generic_ALU
quartus_sta Generic_ALU -c Generic_ALU
quartus_map --read_settings_files=on --write_settings_files=off Generic_ALU -c Generic_ALU
quartus_cdb --read_settings_files=off --write_settings_files=off Generic_ALU -c Generic_ALU --merge=on
quartus_fit --read_settings_files=off --write_settings_files=off Generic_ALU -c Generic_ALU
quartus_asm --read_settings_files=off --write_settings_files=off Generic_ALU -c Generic_ALU
quartus_sta Generic_ALU -c Generic_ALU
quartus_map --read_settings_files=on --write_settings_files=off Generic_ALU -c Generic_ALU
quartus_cdb --read_settings_files=off --write_settings_files=off Generic_ALU -c Generic_ALU --merge=on
quartus_fit --read_settings_files=off --write_settings_files=off Generic_ALU -c Generic_ALU
quartus_asm --read_settings_files=off --write_settings_files=off Generic_ALU -c Generic_ALU
quartus_sta Generic_ALU -c Generic_ALU
quartus_map --read_settings_files=on --write_settings_files=off Generic_ALU -c Generic_ALU
quartus_cdb --read_settings_files=off --write_settings_files=off Generic_ALU -c Generic_ALU --merge=on
quartus_fit --read_settings_files=off --write_settings_files=off Generic_ALU -c Generic_ALU
quartus_asm --read_settings_files=off --write_settings_files=off Generic_ALU -c Generic_ALU
quartus_sta Generic_ALU -c Generic_ALU
quartus_map --read_settings_files=on --write_settings_files=off Generic_ALU -c Generic_ALU
quartus_cdb --read_settings_files=off --write_settings_files=off Generic_ALU -c Generic_ALU --merge=on
quartus_fit --read_settings_files=off --write_settings_files=off Generic_ALU -c Generic_ALU
quartus_asm --read_settings_files=off --write_settings_files=off Generic_ALU -c Generic_ALU
quartus_sta Generic_ALU -c Generic_ALU



