Analysis & Synthesis report for Generic_CSA
Fri Apr 29 11:13:12 2016
Quartus II 32-bit Version 12.1 Build 243 01/31/2013 Service Pack 1 SJ Full Version


---------------------
; Table of Contents ;
---------------------
  1. Legal Notice
  2. Analysis & Synthesis Summary
  3. Analysis & Synthesis Settings
  4. Parallel Compilation
  5. Analysis & Synthesis Source Files Read
  6. Analysis & Synthesis Resource Usage Summary
  7. Analysis & Synthesis Resource Utilization by Entity
  8. General Register Statistics
  9. Parameter Settings for User Entity Instance: carry_select_adder:csa
 10. Parameter Settings for User Entity Instance: carry_select_adder:csa|carry_select_block:\gen_csa:0:lsb:csb0
 11. Parameter Settings for User Entity Instance: carry_select_adder:csa|carry_select_block:\gen_csa:0:lsb:csb0|carry_ripple_adder:c0_cra
 12. Parameter Settings for User Entity Instance: carry_select_adder:csa|carry_select_block:\gen_csa:0:lsb:csb0|carry_ripple_adder:c1_cra
 13. Parameter Settings for User Entity Instance: carry_select_adder:csa|carry_select_block:\gen_csa:0:lsb:csb0|gen_mux:csb_mux
 14. Parameter Settings for User Entity Instance: carry_select_adder:csa|carry_select_block:\gen_csa:1:msbs:csbi
 15. Parameter Settings for User Entity Instance: carry_select_adder:csa|carry_select_block:\gen_csa:1:msbs:csbi|carry_ripple_adder:c0_cra
 16. Parameter Settings for User Entity Instance: carry_select_adder:csa|carry_select_block:\gen_csa:1:msbs:csbi|carry_ripple_adder:c1_cra
 17. Parameter Settings for User Entity Instance: carry_select_adder:csa|carry_select_block:\gen_csa:1:msbs:csbi|gen_mux:csb_mux
 18. Port Connectivity Checks: "carry_select_adder:csa|carry_select_block:\gen_csa:0:lsb:csb0|carry_ripple_adder:c1_cra"
 19. Port Connectivity Checks: "carry_select_adder:csa|carry_select_block:\gen_csa:0:lsb:csb0|carry_ripple_adder:c0_cra"
 20. Port Connectivity Checks: "carry_select_adder:csa"
 21. Elapsed Time Per Partition
 22. Analysis & Synthesis Messages



----------------
; Legal Notice ;
----------------
Copyright (C) 1991-2012 Altera Corporation
Your use of Altera Corporation's design tools, logic functions 
and other software and tools, and its AMPP partner logic 
functions, and any output files from any of the foregoing 
(including device programming or simulation files), and any 
associated documentation or information are expressly subject 
to the terms and conditions of the Altera Program License 
Subscription Agreement, Altera MegaCore Function License 
Agreement, or other applicable license agreement, including, 
without limitation, that your use is for the sole purpose of 
programming logic devices manufactured by Altera and sold by 
Altera or its authorized distributors.  Please refer to the 
applicable agreement for further details.



+-------------------------------------------------------------------------------------+
; Analysis & Synthesis Summary                                                        ;
+------------------------------------+------------------------------------------------+
; Analysis & Synthesis Status        ; Successful - Fri Apr 29 11:13:12 2016          ;
; Quartus II 32-bit Version          ; 12.1 Build 243 01/31/2013 SP 1 SJ Full Version ;
; Revision Name                      ; Generic_CSA                                    ;
; Top-level Entity Name              ; alu                                            ;
; Family                             ; Cyclone IV E                                   ;
; Total logic elements               ; 30                                             ;
;     Total combinational functions  ; 30                                             ;
;     Dedicated logic registers      ; 0                                              ;
; Total registers                    ; 0                                              ;
; Total pins                         ; 27                                             ;
; Total virtual pins                 ; 0                                              ;
; Total memory bits                  ; 0                                              ;
; Embedded Multiplier 9-bit elements ; 0                                              ;
; Total PLLs                         ; 0                                              ;
+------------------------------------+------------------------------------------------+


+----------------------------------------------------------------------------------------------------------------------+
; Analysis & Synthesis Settings                                                                                        ;
+----------------------------------------------------------------------------+--------------------+--------------------+
; Option                                                                     ; Setting            ; Default Value      ;
+----------------------------------------------------------------------------+--------------------+--------------------+
; Device                                                                     ; EP4CE115F29C7      ;                    ;
; Top-level entity name                                                      ; alu                ; Generic_CSA        ;
; Family name                                                                ; Cyclone IV E       ; Cyclone IV GX      ;
; Use smart compilation                                                      ; Off                ; Off                ;
; Enable parallel Assembler and TimeQuest Timing Analyzer during compilation ; On                 ; On                 ;
; Enable compact report table                                                ; Off                ; Off                ;
; Restructure Multiplexers                                                   ; Auto               ; Auto               ;
; Create Debugging Nodes for IP Cores                                        ; Off                ; Off                ;
; Preserve fewer node names                                                  ; On                 ; On                 ;
; Disable OpenCore Plus hardware evaluation                                  ; Off                ; Off                ;
; Verilog Version                                                            ; Verilog_2001       ; Verilog_2001       ;
; VHDL Version                                                               ; VHDL_1993          ; VHDL_1993          ;
; State Machine Processing                                                   ; Auto               ; Auto               ;
; Safe State Machine                                                         ; Off                ; Off                ;
; Extract Verilog State Machines                                             ; On                 ; On                 ;
; Extract VHDL State Machines                                                ; On                 ; On                 ;
; Ignore Verilog initial constructs                                          ; Off                ; Off                ;
; Iteration limit for constant Verilog loops                                 ; 5000               ; 5000               ;
; Iteration limit for non-constant Verilog loops                             ; 250                ; 250                ;
; Add Pass-Through Logic to Inferred RAMs                                    ; On                 ; On                 ;
; Infer RAMs from Raw Logic                                                  ; On                 ; On                 ;
; Parallel Synthesis                                                         ; On                 ; On                 ;
; DSP Block Balancing                                                        ; Auto               ; Auto               ;
; NOT Gate Push-Back                                                         ; On                 ; On                 ;
; Power-Up Don't Care                                                        ; On                 ; On                 ;
; Remove Redundant Logic Cells                                               ; Off                ; Off                ;
; Remove Duplicate Registers                                                 ; On                 ; On                 ;
; Ignore CARRY Buffers                                                       ; Off                ; Off                ;
; Ignore CASCADE Buffers                                                     ; Off                ; Off                ;
; Ignore GLOBAL Buffers                                                      ; Off                ; Off                ;
; Ignore ROW GLOBAL Buffers                                                  ; Off                ; Off                ;
; Ignore LCELL Buffers                                                       ; Off                ; Off                ;
; Ignore SOFT Buffers                                                        ; On                 ; On                 ;
; Limit AHDL Integers to 32 Bits                                             ; Off                ; Off                ;
; Optimization Technique                                                     ; Balanced           ; Balanced           ;
; Carry Chain Length                                                         ; 70                 ; 70                 ;
; Auto Carry Chains                                                          ; On                 ; On                 ;
; Auto Open-Drain Pins                                                       ; On                 ; On                 ;
; Perform WYSIWYG Primitive Resynthesis                                      ; Off                ; Off                ;
; Auto ROM Replacement                                                       ; On                 ; On                 ;
; Auto RAM Replacement                                                       ; On                 ; On                 ;
; Auto DSP Block Replacement                                                 ; On                 ; On                 ;
; Auto Shift Register Replacement                                            ; Auto               ; Auto               ;
; Allow Shift Register Merging across Hierarchies                            ; Auto               ; Auto               ;
; Auto Clock Enable Replacement                                              ; On                 ; On                 ;
; Strict RAM Replacement                                                     ; Off                ; Off                ;
; Allow Synchronous Control Signals                                          ; On                 ; On                 ;
; Force Use of Synchronous Clear Signals                                     ; Off                ; Off                ;
; Auto RAM Block Balancing                                                   ; On                 ; On                 ;
; Auto RAM to Logic Cell Conversion                                          ; Off                ; Off                ;
; Auto Resource Sharing                                                      ; Off                ; Off                ;
; Allow Any RAM Size For Recognition                                         ; Off                ; Off                ;
; Allow Any ROM Size For Recognition                                         ; Off                ; Off                ;
; Allow Any Shift Register Size For Recognition                              ; Off                ; Off                ;
; Use LogicLock Constraints during Resource Balancing                        ; On                 ; On                 ;
; Ignore translate_off and synthesis_off directives                          ; Off                ; Off                ;
; Timing-Driven Synthesis                                                    ; On                 ; On                 ;
; Report Parameter Settings                                                  ; On                 ; On                 ;
; Report Source Assignments                                                  ; On                 ; On                 ;
; Report Connectivity Checks                                                 ; On                 ; On                 ;
; Ignore Maximum Fan-Out Assignments                                         ; Off                ; Off                ;
; Synchronization Register Chain Length                                      ; 2                  ; 2                  ;
; PowerPlay Power Optimization                                               ; Normal compilation ; Normal compilation ;
; HDL message level                                                          ; Level2             ; Level2             ;
; Suppress Register Optimization Related Messages                            ; Off                ; Off                ;
; Number of Removed Registers Reported in Synthesis Report                   ; 5000               ; 5000               ;
; Number of Swept Nodes Reported in Synthesis Report                         ; 5000               ; 5000               ;
; Number of Inverted Registers Reported in Synthesis Report                  ; 100                ; 100                ;
; Clock MUX Protection                                                       ; On                 ; On                 ;
; Auto Gated Clock Conversion                                                ; Off                ; Off                ;
; Block Design Naming                                                        ; Auto               ; Auto               ;
; SDC constraint protection                                                  ; Off                ; Off                ;
; Synthesis Effort                                                           ; Auto               ; Auto               ;
; Shift Register Replacement - Allow Asynchronous Clear Signal               ; On                 ; On                 ;
; Pre-Mapping Resynthesis Optimization                                       ; Off                ; Off                ;
; Analysis & Synthesis Message Level                                         ; Medium             ; Medium             ;
; Disable Register Merging Across Hierarchies                                ; Auto               ; Auto               ;
; Resource Aware Inference For Block RAM                                     ; On                 ; On                 ;
; Synthesis Seed                                                             ; 1                  ; 1                  ;
+----------------------------------------------------------------------------+--------------------+--------------------+


+------------------------------------------+
; Parallel Compilation                     ;
+----------------------------+-------------+
; Processors                 ; Number      ;
+----------------------------+-------------+
; Number detected on machine ; 8           ;
; Maximum allowed            ; 4           ;
;                            ;             ;
; Average used               ; 1.00        ;
; Maximum used               ; 1           ;
;                            ;             ;
; Usage by Processor         ; % Time Used ;
;     1 processor            ; 100.0%      ;
;     2-8 processors         ;   0.0%      ;
+----------------------------+-------------+


+---------------------------------------------------------------------------------------------------------------------------------------+
; Analysis & Synthesis Source Files Read                                                                                                ;
+----------------------------------+-----------------+-----------------+------------------------------------------------------+---------+
; File Name with User-Entered Path ; Used in Netlist ; File Type       ; File Name with Absolute Path                         ; Library ;
+----------------------------------+-----------------+-----------------+------------------------------------------------------+---------+
; carry_select_adder.vhd           ; yes             ; User VHDL File  ; H:/Master Projekt/Generic CSA/carry_select_adder.vhd ;         ;
; half_adder.vhd                   ; yes             ; User VHDL File  ; H:/Master Projekt/Generic CSA/half_adder.vhd         ;         ;
; full_adder.vhd                   ; yes             ; User VHDL File  ; H:/Master Projekt/Generic CSA/full_adder.vhd         ;         ;
; carry_ripple_adder.vhd           ; yes             ; User VHDL File  ; H:/Master Projekt/Generic CSA/carry_ripple_adder.vhd ;         ;
; alu.vhd                          ; yes             ; User VHDL File  ; H:/Master Projekt/Generic CSA/alu.vhd                ;         ;
; gen_mux.vhd                      ; yes             ; User VHDL File  ; H:/Master Projekt/Generic CSA/gen_mux.vhd            ;         ;
; carry_select_block.vhd           ; yes             ; User VHDL File  ; H:/Master Projekt/Generic CSA/carry_select_block.vhd ;         ;
+----------------------------------+-----------------+-----------------+------------------------------------------------------+---------+


+-----------------------------------------------------+
; Analysis & Synthesis Resource Usage Summary         ;
+---------------------------------------------+-------+
; Resource                                    ; Usage ;
+---------------------------------------------+-------+
; Estimated Total logic elements              ; 30    ;
;                                             ;       ;
; Total combinational functions               ; 30    ;
; Logic element usage by number of LUT inputs ;       ;
;     -- 4 input functions                    ; 17    ;
;     -- 3 input functions                    ; 8     ;
;     -- <=2 input functions                  ; 5     ;
;                                             ;       ;
; Logic elements by mode                      ;       ;
;     -- normal mode                          ; 30    ;
;     -- arithmetic mode                      ; 0     ;
;                                             ;       ;
; Total registers                             ; 0     ;
;     -- Dedicated logic registers            ; 0     ;
;     -- I/O registers                        ; 0     ;
;                                             ;       ;
; I/O pins                                    ; 27    ;
; Embedded Multiplier 9-bit elements          ; 0     ;
; Maximum fan-out                             ; 21    ;
; Total fan-out                               ; 138   ;
; Average fan-out                             ; 1.64  ;
+---------------------------------------------+-------+


+--------------------------------------------------------------------------------------------------------------------------------------------------------------------------------------------------------------------------------------------------------------------------------------------------------------------------+
; Analysis & Synthesis Resource Utilization by Entity                                                                                                                                                                                                                                                                      ;
+-------------------------------------------------+-------------------+--------------+-------------+--------------+---------+-----------+------+--------------+---------------------------------------------------------------------------------------------------------------------------------------------+--------------+
; Compilation Hierarchy Node                      ; LC Combinationals ; LC Registers ; Memory Bits ; DSP Elements ; DSP 9x9 ; DSP 18x18 ; Pins ; Virtual Pins ; Full Hierarchy Name                                                                                                                         ; Library Name ;
+-------------------------------------------------+-------------------+--------------+-------------+--------------+---------+-----------+------+--------------+---------------------------------------------------------------------------------------------------------------------------------------------+--------------+
; |alu                                            ; 30 (0)            ; 0 (0)        ; 0           ; 0            ; 0       ; 0         ; 27   ; 0            ; |alu                                                                                                                                        ;              ;
;    |carry_select_adder:csa|                     ; 30 (4)            ; 0 (0)        ; 0           ; 0            ; 0       ; 0         ; 0    ; 0            ; |alu|carry_select_adder:csa                                                                                                                 ;              ;
;       |carry_select_block:\gen_csa:0:lsb:csb0|  ; 13 (0)            ; 0 (0)        ; 0           ; 0            ; 0       ; 0         ; 0    ; 0            ; |alu|carry_select_adder:csa|carry_select_block:\gen_csa:0:lsb:csb0                                                                          ;              ;
;          |carry_ripple_adder:c0_cra|            ; 5 (0)             ; 0 (0)        ; 0           ; 0            ; 0       ; 0         ; 0    ; 0            ; |alu|carry_select_adder:csa|carry_select_block:\gen_csa:0:lsb:csb0|carry_ripple_adder:c0_cra                                                ;              ;
;             |full_adder:\gen_cra:1:msbs:fai|    ; 2 (1)             ; 0 (0)        ; 0           ; 0            ; 0       ; 0         ; 0    ; 0            ; |alu|carry_select_adder:csa|carry_select_block:\gen_csa:0:lsb:csb0|carry_ripple_adder:c0_cra|full_adder:\gen_cra:1:msbs:fai                 ;              ;
;                |half_adder:ha2|                 ; 1 (1)             ; 0 (0)        ; 0           ; 0            ; 0       ; 0         ; 0    ; 0            ; |alu|carry_select_adder:csa|carry_select_block:\gen_csa:0:lsb:csb0|carry_ripple_adder:c0_cra|full_adder:\gen_cra:1:msbs:fai|half_adder:ha2  ;              ;
;             |full_adder:\gen_cra:2:msbs:fai|    ; 2 (1)             ; 0 (0)        ; 0           ; 0            ; 0       ; 0         ; 0    ; 0            ; |alu|carry_select_adder:csa|carry_select_block:\gen_csa:0:lsb:csb0|carry_ripple_adder:c0_cra|full_adder:\gen_cra:2:msbs:fai                 ;              ;
;                |half_adder:ha2|                 ; 1 (1)             ; 0 (0)        ; 0           ; 0            ; 0       ; 0         ; 0    ; 0            ; |alu|carry_select_adder:csa|carry_select_block:\gen_csa:0:lsb:csb0|carry_ripple_adder:c0_cra|full_adder:\gen_cra:2:msbs:fai|half_adder:ha2  ;              ;
;             |full_adder:\gen_cra:3:msbs:fai|    ; 1 (0)             ; 0 (0)        ; 0           ; 0            ; 0       ; 0         ; 0    ; 0            ; |alu|carry_select_adder:csa|carry_select_block:\gen_csa:0:lsb:csb0|carry_ripple_adder:c0_cra|full_adder:\gen_cra:3:msbs:fai                 ;              ;
;                |half_adder:ha2|                 ; 1 (1)             ; 0 (0)        ; 0           ; 0            ; 0       ; 0         ; 0    ; 0            ; |alu|carry_select_adder:csa|carry_select_block:\gen_csa:0:lsb:csb0|carry_ripple_adder:c0_cra|full_adder:\gen_cra:3:msbs:fai|half_adder:ha2  ;              ;
;          |carry_ripple_adder:c1_cra|            ; 2 (0)             ; 0 (0)        ; 0           ; 0            ; 0       ; 0         ; 0    ; 0            ; |alu|carry_select_adder:csa|carry_select_block:\gen_csa:0:lsb:csb0|carry_ripple_adder:c1_cra                                                ;              ;
;             |full_adder:\gen_cra:1:msbs:fai|    ; 1 (1)             ; 0 (0)        ; 0           ; 0            ; 0       ; 0         ; 0    ; 0            ; |alu|carry_select_adder:csa|carry_select_block:\gen_csa:0:lsb:csb0|carry_ripple_adder:c1_cra|full_adder:\gen_cra:1:msbs:fai                 ;              ;
;             |full_adder:\gen_cra:2:msbs:fai|    ; 1 (1)             ; 0 (0)        ; 0           ; 0            ; 0       ; 0         ; 0    ; 0            ; |alu|carry_select_adder:csa|carry_select_block:\gen_csa:0:lsb:csb0|carry_ripple_adder:c1_cra|full_adder:\gen_cra:2:msbs:fai                 ;              ;
;          |gen_mux:csb_mux|                      ; 6 (6)             ; 0 (0)        ; 0           ; 0            ; 0       ; 0         ; 0    ; 0            ; |alu|carry_select_adder:csa|carry_select_block:\gen_csa:0:lsb:csb0|gen_mux:csb_mux                                                          ;              ;
;       |carry_select_block:\gen_csa:1:msbs:csbi| ; 13 (0)            ; 0 (0)        ; 0           ; 0            ; 0       ; 0         ; 0    ; 0            ; |alu|carry_select_adder:csa|carry_select_block:\gen_csa:1:msbs:csbi                                                                         ;              ;
;          |carry_ripple_adder:c0_cra|            ; 5 (0)             ; 0 (0)        ; 0           ; 0            ; 0       ; 0         ; 0    ; 0            ; |alu|carry_select_adder:csa|carry_select_block:\gen_csa:1:msbs:csbi|carry_ripple_adder:c0_cra                                               ;              ;
;             |full_adder:\gen_cra:1:msbs:fai|    ; 2 (1)             ; 0 (0)        ; 0           ; 0            ; 0       ; 0         ; 0    ; 0            ; |alu|carry_select_adder:csa|carry_select_block:\gen_csa:1:msbs:csbi|carry_ripple_adder:c0_cra|full_adder:\gen_cra:1:msbs:fai                ;              ;
;                |half_adder:ha2|                 ; 1 (1)             ; 0 (0)        ; 0           ; 0            ; 0       ; 0         ; 0    ; 0            ; |alu|carry_select_adder:csa|carry_select_block:\gen_csa:1:msbs:csbi|carry_ripple_adder:c0_cra|full_adder:\gen_cra:1:msbs:fai|half_adder:ha2 ;              ;
;             |full_adder:\gen_cra:2:msbs:fai|    ; 2 (1)             ; 0 (0)        ; 0           ; 0            ; 0       ; 0         ; 0    ; 0            ; |alu|carry_select_adder:csa|carry_select_block:\gen_csa:1:msbs:csbi|carry_ripple_adder:c0_cra|full_adder:\gen_cra:2:msbs:fai                ;              ;
;                |half_adder:ha2|                 ; 1 (1)             ; 0 (0)        ; 0           ; 0            ; 0       ; 0         ; 0    ; 0            ; |alu|carry_select_adder:csa|carry_select_block:\gen_csa:1:msbs:csbi|carry_ripple_adder:c0_cra|full_adder:\gen_cra:2:msbs:fai|half_adder:ha2 ;              ;
;             |full_adder:\gen_cra:3:msbs:fai|    ; 1 (0)             ; 0 (0)        ; 0           ; 0            ; 0       ; 0         ; 0    ; 0            ; |alu|carry_select_adder:csa|carry_select_block:\gen_csa:1:msbs:csbi|carry_ripple_adder:c0_cra|full_adder:\gen_cra:3:msbs:fai                ;              ;
;                |half_adder:ha2|                 ; 1 (1)             ; 0 (0)        ; 0           ; 0            ; 0       ; 0         ; 0    ; 0            ; |alu|carry_select_adder:csa|carry_select_block:\gen_csa:1:msbs:csbi|carry_ripple_adder:c0_cra|full_adder:\gen_cra:3:msbs:fai|half_adder:ha2 ;              ;
;          |carry_ripple_adder:c1_cra|            ; 2 (0)             ; 0 (0)        ; 0           ; 0            ; 0       ; 0         ; 0    ; 0            ; |alu|carry_select_adder:csa|carry_select_block:\gen_csa:1:msbs:csbi|carry_ripple_adder:c1_cra                                               ;              ;
;             |full_adder:\gen_cra:1:msbs:fai|    ; 1 (1)             ; 0 (0)        ; 0           ; 0            ; 0       ; 0         ; 0    ; 0            ; |alu|carry_select_adder:csa|carry_select_block:\gen_csa:1:msbs:csbi|carry_ripple_adder:c1_cra|full_adder:\gen_cra:1:msbs:fai                ;              ;
;             |full_adder:\gen_cra:2:msbs:fai|    ; 1 (1)             ; 0 (0)        ; 0           ; 0            ; 0       ; 0         ; 0    ; 0            ; |alu|carry_select_adder:csa|carry_select_block:\gen_csa:1:msbs:csbi|carry_ripple_adder:c1_cra|full_adder:\gen_cra:2:msbs:fai                ;              ;
;          |gen_mux:csb_mux|                      ; 6 (6)             ; 0 (0)        ; 0           ; 0            ; 0       ; 0         ; 0    ; 0            ; |alu|carry_select_adder:csa|carry_select_block:\gen_csa:1:msbs:csbi|gen_mux:csb_mux                                                         ;              ;
+-------------------------------------------------+-------------------+--------------+-------------+--------------+---------+-----------+------+--------------+---------------------------------------------------------------------------------------------------------------------------------------------+--------------+
Note: For table entries with two numbers listed, the numbers in parentheses indicate the number of resources of the given type used by the specific entity alone. The numbers listed outside of parentheses indicate the total resources of the given type used by the specific entity and all of its sub-entities in the hierarchy.


+------------------------------------------------------+
; General Register Statistics                          ;
+----------------------------------------------+-------+
; Statistic                                    ; Value ;
+----------------------------------------------+-------+
; Total registers                              ; 0     ;
; Number of registers using Synchronous Clear  ; 0     ;
; Number of registers using Synchronous Load   ; 0     ;
; Number of registers using Asynchronous Clear ; 0     ;
; Number of registers using Asynchronous Load  ; 0     ;
; Number of registers using Clock Enable       ; 0     ;
; Number of registers using Preset             ; 0     ;
+----------------------------------------------+-------+


+---------------------------------------------------------------------+
; Parameter Settings for User Entity Instance: carry_select_adder:csa ;
+----------------+-------+--------------------------------------------+
; Parameter Name ; Value ; Type                                       ;
+----------------+-------+--------------------------------------------+
; block_size     ; 3     ; Signed Integer                             ;
; blocks         ; 1     ; Signed Integer                             ;
+----------------+-------+--------------------------------------------+
Note: In order to hide this table in the UI and the text report file, please set the "Show Parameter Settings in Synthesis Report" option in "Analysis and Synthesis Settings -> More Settings" to "Off".


+------------------------------------------------------------------------------------------------------------+
; Parameter Settings for User Entity Instance: carry_select_adder:csa|carry_select_block:\gen_csa:0:lsb:csb0 ;
+----------------+-------+-----------------------------------------------------------------------------------+
; Parameter Name ; Value ; Type                                                                              ;
+----------------+-------+-----------------------------------------------------------------------------------+
; size           ; 3     ; Signed Integer                                                                    ;
+----------------+-------+-----------------------------------------------------------------------------------+
Note: In order to hide this table in the UI and the text report file, please set the "Show Parameter Settings in Synthesis Report" option in "Analysis and Synthesis Settings -> More Settings" to "Off".


+--------------------------------------------------------------------------------------------------------------------------------------+
; Parameter Settings for User Entity Instance: carry_select_adder:csa|carry_select_block:\gen_csa:0:lsb:csb0|carry_ripple_adder:c0_cra ;
+----------------+-------+-------------------------------------------------------------------------------------------------------------+
; Parameter Name ; Value ; Type                                                                                                        ;
+----------------+-------+-------------------------------------------------------------------------------------------------------------+
; size           ; 3     ; Signed Integer                                                                                              ;
+----------------+-------+-------------------------------------------------------------------------------------------------------------+
Note: In order to hide this table in the UI and the text report file, please set the "Show Parameter Settings in Synthesis Report" option in "Analysis and Synthesis Settings -> More Settings" to "Off".


+--------------------------------------------------------------------------------------------------------------------------------------+
; Parameter Settings for User Entity Instance: carry_select_adder:csa|carry_select_block:\gen_csa:0:lsb:csb0|carry_ripple_adder:c1_cra ;
+----------------+-------+-------------------------------------------------------------------------------------------------------------+
; Parameter Name ; Value ; Type                                                                                                        ;
+----------------+-------+-------------------------------------------------------------------------------------------------------------+
; size           ; 3     ; Signed Integer                                                                                              ;
+----------------+-------+-------------------------------------------------------------------------------------------------------------+
Note: In order to hide this table in the UI and the text report file, please set the "Show Parameter Settings in Synthesis Report" option in "Analysis and Synthesis Settings -> More Settings" to "Off".


+----------------------------------------------------------------------------------------------------------------------------+
; Parameter Settings for User Entity Instance: carry_select_adder:csa|carry_select_block:\gen_csa:0:lsb:csb0|gen_mux:csb_mux ;
+----------------+-------+---------------------------------------------------------------------------------------------------+
; Parameter Name ; Value ; Type                                                                                              ;
+----------------+-------+---------------------------------------------------------------------------------------------------+
; size           ; 4     ; Signed Integer                                                                                    ;
+----------------+-------+---------------------------------------------------------------------------------------------------+
Note: In order to hide this table in the UI and the text report file, please set the "Show Parameter Settings in Synthesis Report" option in "Analysis and Synthesis Settings -> More Settings" to "Off".


+-------------------------------------------------------------------------------------------------------------+
; Parameter Settings for User Entity Instance: carry_select_adder:csa|carry_select_block:\gen_csa:1:msbs:csbi ;
+----------------+-------+------------------------------------------------------------------------------------+
; Parameter Name ; Value ; Type                                                                               ;
+----------------+-------+------------------------------------------------------------------------------------+
; size           ; 3     ; Signed Integer                                                                     ;
+----------------+-------+------------------------------------------------------------------------------------+
Note: In order to hide this table in the UI and the text report file, please set the "Show Parameter Settings in Synthesis Report" option in "Analysis and Synthesis Settings -> More Settings" to "Off".


+---------------------------------------------------------------------------------------------------------------------------------------+
; Parameter Settings for User Entity Instance: carry_select_adder:csa|carry_select_block:\gen_csa:1:msbs:csbi|carry_ripple_adder:c0_cra ;
+----------------+-------+--------------------------------------------------------------------------------------------------------------+
; Parameter Name ; Value ; Type                                                                                                         ;
+----------------+-------+--------------------------------------------------------------------------------------------------------------+
; size           ; 3     ; Signed Integer                                                                                               ;
+----------------+-------+--------------------------------------------------------------------------------------------------------------+
Note: In order to hide this table in the UI and the text report file, please set the "Show Parameter Settings in Synthesis Report" option in "Analysis and Synthesis Settings -> More Settings" to "Off".


+---------------------------------------------------------------------------------------------------------------------------------------+
; Parameter Settings for User Entity Instance: carry_select_adder:csa|carry_select_block:\gen_csa:1:msbs:csbi|carry_ripple_adder:c1_cra ;
+----------------+-------+--------------------------------------------------------------------------------------------------------------+
; Parameter Name ; Value ; Type                                                                                                         ;
+----------------+-------+--------------------------------------------------------------------------------------------------------------+
; size           ; 3     ; Signed Integer                                                                                               ;
+----------------+-------+--------------------------------------------------------------------------------------------------------------+
Note: In order to hide this table in the UI and the text report file, please set the "Show Parameter Settings in Synthesis Report" option in "Analysis and Synthesis Settings -> More Settings" to "Off".


+-----------------------------------------------------------------------------------------------------------------------------+
; Parameter Settings for User Entity Instance: carry_select_adder:csa|carry_select_block:\gen_csa:1:msbs:csbi|gen_mux:csb_mux ;
+----------------+-------+----------------------------------------------------------------------------------------------------+
; Parameter Name ; Value ; Type                                                                                               ;
+----------------+-------+----------------------------------------------------------------------------------------------------+
; size           ; 4     ; Signed Integer                                                                                     ;
+----------------+-------+----------------------------------------------------------------------------------------------------+
Note: In order to hide this table in the UI and the text report file, please set the "Show Parameter Settings in Synthesis Report" option in "Analysis and Synthesis Settings -> More Settings" to "Off".


+---------------------------------------------------------------------------------------------------------------------+
; Port Connectivity Checks: "carry_select_adder:csa|carry_select_block:\gen_csa:0:lsb:csb0|carry_ripple_adder:c1_cra" ;
+------+-------+----------+-------------------------------------------------------------------------------------------+
; Port ; Type  ; Severity ; Details                                                                                   ;
+------+-------+----------+-------------------------------------------------------------------------------------------+
; cin  ; Input ; Info     ; Stuck at VCC                                                                              ;
+------+-------+----------+-------------------------------------------------------------------------------------------+


+---------------------------------------------------------------------------------------------------------------------+
; Port Connectivity Checks: "carry_select_adder:csa|carry_select_block:\gen_csa:0:lsb:csb0|carry_ripple_adder:c0_cra" ;
+------+-------+----------+-------------------------------------------------------------------------------------------+
; Port ; Type  ; Severity ; Details                                                                                   ;
+------+-------+----------+-------------------------------------------------------------------------------------------+
; cin  ; Input ; Info     ; Stuck at GND                                                                              ;
+------+-------+----------+-------------------------------------------------------------------------------------------+


+----------------------------------------------------+
; Port Connectivity Checks: "carry_select_adder:csa" ;
+------+-------+----------+--------------------------+
; Port ; Type  ; Severity ; Details                  ;
+------+-------+----------+--------------------------+
; clk  ; Input ; Info     ; Stuck at GND             ;
+------+-------+----------+--------------------------+


+-------------------------------+
; Elapsed Time Per Partition    ;
+----------------+--------------+
; Partition Name ; Elapsed Time ;
+----------------+--------------+
; Top            ; 00:00:01     ;
+----------------+--------------+


+-------------------------------+
; Analysis & Synthesis Messages ;
+-------------------------------+
Info: *******************************************************************
Info: Running Quartus II 32-bit Analysis & Synthesis
    Info: Version 12.1 Build 243 01/31/2013 Service Pack 1 SJ Full Version
    Info: Processing started: Fri Apr 29 11:13:02 2016
Info: Command: quartus_map --read_settings_files=on --write_settings_files=off Generic_CSA -c Generic_CSA
Info (11104): Parallel Compilation has detected 8 hyper-threaded processors. However, the extra hyper-threaded processors will not be used by default. Parallel Compilation will use 4 of the 4 physical processors detected instead.
Info (12021): Found 2 design units, including 1 entities, in source file gen_latch.vhd
    Info (12022): Found design unit 1: gen_latch-arch
    Info (12023): Found entity 1: gen_latch
Info (12021): Found 2 design units, including 1 entities, in source file carry_select_adder.vhd
    Info (12022): Found design unit 1: carry_select_adder-arch
    Info (12023): Found entity 1: carry_select_adder
Info (12021): Found 2 design units, including 1 entities, in source file half_adder.vhd
    Info (12022): Found design unit 1: half_adder-arch
    Info (12023): Found entity 1: half_adder
Info (12021): Found 2 design units, including 1 entities, in source file full_adder.vhd
    Info (12022): Found design unit 1: full_adder-arch
    Info (12023): Found entity 1: full_adder
Info (12021): Found 2 design units, including 1 entities, in source file carry_ripple_adder.vhd
    Info (12022): Found design unit 1: carry_ripple_adder-arch
    Info (12023): Found entity 1: carry_ripple_adder
Info (12021): Found 2 design units, including 1 entities, in source file alu.vhd
    Info (12022): Found design unit 1: alu-arch
    Info (12023): Found entity 1: alu
Info (12021): Found 2 design units, including 1 entities, in source file gen_mux.vhd
    Info (12022): Found design unit 1: gen_mux-arch
    Info (12023): Found entity 1: gen_mux
Info (12021): Found 2 design units, including 1 entities, in source file carry_select_block.vhd
    Info (12022): Found design unit 1: carry_select_block-arch
    Info (12023): Found entity 1: carry_select_block
Info (12127): Elaborating entity "alu" for the top level hierarchy
Info (12128): Elaborating entity "carry_select_adder" for hierarchy "carry_select_adder:csa"
Info (12128): Elaborating entity "carry_select_block" for hierarchy "carry_select_adder:csa|carry_select_block:\gen_csa:0:lsb:csb0"
Info (12128): Elaborating entity "carry_ripple_adder" for hierarchy "carry_select_adder:csa|carry_select_block:\gen_csa:0:lsb:csb0|carry_ripple_adder:c0_cra"
Info (12128): Elaborating entity "full_adder" for hierarchy "carry_select_adder:csa|carry_select_block:\gen_csa:0:lsb:csb0|carry_ripple_adder:c0_cra|full_adder:\gen_cra:0:lsb:fa0"
Info (12128): Elaborating entity "half_adder" for hierarchy "carry_select_adder:csa|carry_select_block:\gen_csa:0:lsb:csb0|carry_ripple_adder:c0_cra|full_adder:\gen_cra:0:lsb:fa0|half_adder:ha1"
Info (12128): Elaborating entity "gen_mux" for hierarchy "carry_select_adder:csa|carry_select_block:\gen_csa:0:lsb:csb0|gen_mux:csb_mux"
Warning (10492): VHDL Process Statement warning at gen_mux.vhd(21): signal "op1" is read inside the Process Statement but isn't in the Process Statement's sensitivity list
Warning (10492): VHDL Process Statement warning at gen_mux.vhd(23): signal "op2" is read inside the Process Statement but isn't in the Process Statement's sensitivity list
Info (286030): Timing-Driven Synthesis is running
Info (16010): Generating hard_block partition "hard_block:auto_generated_inst"
    Info (16011): Adding 0 node(s), including 0 DDIO, 0 PLL, 0 transceiver and 0 LCELL
Warning (21074): Design contains 1 input pin(s) that do not drive logic
    Warning (15610): No output dependent on input pin "KEY[1]"
Info (21057): Implemented 57 device resources after synthesis - the final resource count might be different
    Info (21058): Implemented 18 input pins
    Info (21059): Implemented 9 output pins
    Info (21061): Implemented 30 logic cells
Info: Quartus II 32-bit Analysis & Synthesis was successful. 0 errors, 4 warnings
    Info: Peak virtual memory: 386 megabytes
    Info: Processing ended: Fri Apr 29 11:13:12 2016
    Info: Elapsed time: 00:00:10
    Info: Total CPU time (on all processors): 00:00:04


